0 info it worked if it ends with ok
1 verbose cli [ '/usr/bin/node', '/usr/bin/npm', 'install' ]
2 info using npm@3.5.2
3 info using node@v8.10.0
4 silly loadCurrentTree Starting
5 silly install loadCurrentTree
6 silly install readLocalPackageData
7 silly install normalizeTree
8 silly loadCurrentTree Finishing
9 silly loadIdealTree Starting
10 silly install loadIdealTree
11 silly cloneCurrentTree Starting
12 silly install cloneCurrentTreeToIdealTree
13 silly cloneCurrentTree Finishing
14 silly loadShrinkwrap Starting
15 silly install loadShrinkwrap
16 silly loadShrinkwrap Finishing
17 silly loadAllDepsIntoIdealTree Starting
18 silly install loadAllDepsIntoIdealTree
19 silly fetchNamedPackageData sharp
20 silly mapToRegistry name sharp
21 silly mapToRegistry using default registry
22 silly mapToRegistry registry https://registry.npmjs.org/
23 silly mapToRegistry uri https://registry.npmjs.org/sharp
24 verbose request uri https://registry.npmjs.org/sharp
25 verbose request no auth needed
26 info attempt registry request try #1 at 9:29:18 AM
27 verbose request id 4240f7fb847e6975
28 verbose etag W/"cc8840f6af3ec4448bcee080f5e21ef2"
29 verbose lastModified Thu, 05 Dec 2019 10:33:22 GMT
30 http request GET https://registry.npmjs.org/sharp
31 http 304 https://registry.npmjs.org/sharp
32 verbose headers { date: 'Wed, 11 Dec 2019 16:29:18 GMT',
32 verbose headers   connection: 'keep-alive',
32 verbose headers   'set-cookie':
32 verbose headers    [ '__cfduid=dbce963a4bf62f23f047487c945c165931576081758; expires=Fri, 10-Jan-20 16:29:18 GMT; path=/; domain=.npmjs.org; HttpOnly' ],
32 verbose headers   'cf-ray': '5438d62e3dac5021-DEN',
32 verbose headers   age: '6634',
32 verbose headers   'cache-control': 'public, max-age=300',
32 verbose headers   etag: '"cc8840f6af3ec4448bcee080f5e21ef2"',
32 verbose headers   'last-modified': 'Thu, 05 Dec 2019 10:33:22 GMT',
32 verbose headers   vary: 'Accept-Encoding',
32 verbose headers   'cf-cache-status': 'HIT',
32 verbose headers   'expect-ct': 'max-age=604800, report-uri="https://report-uri.cloudflare.com/cdn-cgi/beacon/expect-ct"',
32 verbose headers   server: 'cloudflare' }
33 silly get cb [ 304,
33 silly get   { date: 'Wed, 11 Dec 2019 16:29:18 GMT',
33 silly get     connection: 'keep-alive',
33 silly get     'set-cookie':
33 silly get      [ '__cfduid=dbce963a4bf62f23f047487c945c165931576081758; expires=Fri, 10-Jan-20 16:29:18 GMT; path=/; domain=.npmjs.org; HttpOnly' ],
33 silly get     'cf-ray': '5438d62e3dac5021-DEN',
33 silly get     age: '6634',
33 silly get     'cache-control': 'public, max-age=300',
33 silly get     etag: '"cc8840f6af3ec4448bcee080f5e21ef2"',
33 silly get     'last-modified': 'Thu, 05 Dec 2019 10:33:22 GMT',
33 silly get     vary: 'Accept-Encoding',
33 silly get     'cf-cache-status': 'HIT',
33 silly get     'expect-ct': 'max-age=604800, report-uri="https://report-uri.cloudflare.com/cdn-cgi/beacon/expect-ct"',
33 silly get     server: 'cloudflare' } ]
34 verbose etag https://registry.npmjs.org/sharp from cache
35 verbose get saving sharp to /home/weylin/.npm/registry.npmjs.org/sharp/.cache.json
36 silly resolveWithNewModule sharp@0.23.4 checking installable status
37 silly cache add args [ 'sharp@^0.23.4', null ]
38 verbose cache add spec sharp@^0.23.4
39 silly cache add parsed spec Result {
39 silly cache add   raw: 'sharp@^0.23.4',
39 silly cache add   scope: null,
39 silly cache add   name: 'sharp',
39 silly cache add   rawSpec: '^0.23.4',
39 silly cache add   spec: '>=0.23.4 <0.24.0',
39 silly cache add   type: 'range' }
40 silly addNamed sharp@>=0.23.4 <0.24.0
41 verbose addNamed ">=0.23.4 <0.24.0" is a valid semver range for sharp
42 silly addNameRange { name: 'sharp', range: '>=0.23.4 <0.24.0', hasData: false }
43 silly mapToRegistry name sharp
44 silly mapToRegistry using default registry
45 silly mapToRegistry registry https://registry.npmjs.org/
46 silly mapToRegistry uri https://registry.npmjs.org/sharp
47 verbose addNameRange registry:https://registry.npmjs.org/sharp not in flight; fetching
48 verbose get https://registry.npmjs.org/sharp not expired, no request
49 silly addNameRange number 2 { name: 'sharp', range: '>=0.23.4 <0.24.0', hasData: true }
50 silly addNameRange versions [ 'sharp',
50 silly addNameRange   [ '0.0.1',
50 silly addNameRange     '0.0.2',
50 silly addNameRange     '0.0.3',
50 silly addNameRange     '0.0.4',
50 silly addNameRange     '0.0.5',
50 silly addNameRange     '0.0.6',
50 silly addNameRange     '0.0.7',
50 silly addNameRange     '0.0.8',
50 silly addNameRange     '0.0.9',
50 silly addNameRange     '0.1.0',
50 silly addNameRange     '0.1.1',
50 silly addNameRange     '0.1.2',
50 silly addNameRange     '0.1.3',
50 silly addNameRange     '0.1.4',
50 silly addNameRange     '0.1.5',
50 silly addNameRange     '0.1.6',
50 silly addNameRange     '0.1.7',
50 silly addNameRange     '0.1.8',
50 silly addNameRange     '0.2.0',
50 silly addNameRange     '0.3.0',
50 silly addNameRange     '0.4.0',
50 silly addNameRange     '0.4.1',
50 silly addNameRange     '0.4.2',
50 silly addNameRange     '0.5.0',
50 silly addNameRange     '0.5.1',
50 silly addNameRange     '0.5.2',
50 silly addNameRange     '0.6.0',
50 silly addNameRange     '0.6.1',
50 silly addNameRange     '0.6.2',
50 silly addNameRange     '0.7.0',
50 silly addNameRange     '0.7.1',
50 silly addNameRange     '0.7.2',
50 silly addNameRange     '0.8.0',
50 silly addNameRange     '0.8.1',
50 silly addNameRange     '0.8.2',
50 silly addNameRange     '0.8.3',
50 silly addNameRange     '0.8.4',
50 silly addNameRange     '0.9.0',
50 silly addNameRange     '0.9.1',
50 silly addNameRange     '0.9.2',
50 silly addNameRange     '0.9.3',
50 silly addNameRange     '0.10.0',
50 silly addNameRange     '0.10.1',
50 silly addNameRange     '0.11.0',
50 silly addNameRange     '0.11.1',
50 silly addNameRange     '0.11.2',
50 silly addNameRange     '0.11.3',
50 silly addNameRange     '0.11.4',
50 silly addNameRange     '0.12.0',
50 silly addNameRange     '0.12.1',
50 silly addNameRange     '0.12.2',
50 silly addNameRange     '0.13.0',
50 silly addNameRange     '0.13.1',
50 silly addNameRange     '0.14.0',
50 silly addNameRange     '0.14.1',
50 silly addNameRange     '0.15.0',
50 silly addNameRange     '0.15.1',
50 silly addNameRange     '0.16.0',
50 silly addNameRange     '0.16.1',
50 silly addNameRange     '0.16.2',
50 silly addNameRange     '0.17.0',
50 silly addNameRange     '0.17.1',
50 silly addNameRange     '0.17.2',
50 silly addNameRange     '0.17.3',
50 silly addNameRange     '0.18.0',
50 silly addNameRange     '0.18.1',
50 silly addNameRange     '0.18.2',
50 silly addNameRange     '0.18.3',
50 silly addNameRange     '0.18.4',
50 silly addNameRange     '0.19.0',
50 silly addNameRange     '0.19.1',
50 silly addNameRange     '0.20.0',
50 silly addNameRange     '0.20.1',
50 silly addNameRange     '0.20.2',
50 silly addNameRange     '0.20.3',
50 silly addNameRange     '0.20.4',
50 silly addNameRange     '0.20.5',
50 silly addNameRange     '0.20.6',
50 silly addNameRange     '0.20.7',
50 silly addNameRange     '0.20.8',
50 silly addNameRange     '0.21.0',
50 silly addNameRange     '0.21.1',
50 silly addNameRange     '0.21.2',
50 silly addNameRange     '0.21.3',
50 silly addNameRange     '0.22.0',
50 silly addNameRange     '0.22.1',
50 silly addNameRange     '0.23.0',
50 silly addNameRange     '0.23.1',
50 silly addNameRange     '0.23.2',
50 silly addNameRange     '0.23.3',
50 silly addNameRange     '0.23.4' ] ]
51 silly addNamed sharp@0.23.4
52 verbose addNamed "0.23.4" is a plain semver version for sharp
53 silly cache afterAdd sharp@0.23.4
54 verbose afterAdd /home/weylin/.npm/sharp/0.23.4/package/package.json not in flight; writing
55 verbose afterAdd /home/weylin/.npm/sharp/0.23.4/package/package.json written
56 silly fetchNamedPackageData semver
57 silly mapToRegistry name semver
58 silly mapToRegistry using default registry
59 silly mapToRegistry registry https://registry.npmjs.org/
60 silly mapToRegistry uri https://registry.npmjs.org/semver
61 verbose request uri https://registry.npmjs.org/semver
62 verbose request no auth needed
63 info attempt registry request try #1 at 9:29:18 AM
64 verbose etag W/"f95dbdb174c51d4f84a54de80dc50aa7"
65 verbose lastModified Tue, 03 Dec 2019 18:45:09 GMT
66 http request GET https://registry.npmjs.org/semver
67 http 304 https://registry.npmjs.org/semver
68 verbose headers { date: 'Wed, 11 Dec 2019 16:29:18 GMT',
68 verbose headers   connection: 'keep-alive',
68 verbose headers   'set-cookie':
68 verbose headers    [ '__cfduid=dbce963a4bf62f23f047487c945c165931576081758; expires=Fri, 10-Jan-20 16:29:18 GMT; path=/; domain=.npmjs.org; HttpOnly' ],
68 verbose headers   'cf-ray': '5438d62f9e315021-DEN',
68 verbose headers   age: '5260',
68 verbose headers   'cache-control': 'public, max-age=300',
68 verbose headers   etag: '"f95dbdb174c51d4f84a54de80dc50aa7"',
68 verbose headers   'last-modified': 'Tue, 03 Dec 2019 18:45:09 GMT',
68 verbose headers   vary: 'Accept-Encoding',
68 verbose headers   'cf-cache-status': 'HIT',
68 verbose headers   'expect-ct': 'max-age=604800, report-uri="https://report-uri.cloudflare.com/cdn-cgi/beacon/expect-ct"',
68 verbose headers   server: 'cloudflare' }
69 silly get cb [ 304,
69 silly get   { date: 'Wed, 11 Dec 2019 16:29:18 GMT',
69 silly get     connection: 'keep-alive',
69 silly get     'set-cookie':
69 silly get      [ '__cfduid=dbce963a4bf62f23f047487c945c165931576081758; expires=Fri, 10-Jan-20 16:29:18 GMT; path=/; domain=.npmjs.org; HttpOnly' ],
69 silly get     'cf-ray': '5438d62f9e315021-DEN',
69 silly get     age: '5260',
69 silly get     'cache-control': 'public, max-age=300',
69 silly get     etag: '"f95dbdb174c51d4f84a54de80dc50aa7"',
69 silly get     'last-modified': 'Tue, 03 Dec 2019 18:45:09 GMT',
69 silly get     vary: 'Accept-Encoding',
69 silly get     'cf-cache-status': 'HIT',
69 silly get     'expect-ct': 'max-age=604800, report-uri="https://report-uri.cloudflare.com/cdn-cgi/beacon/expect-ct"',
69 silly get     server: 'cloudflare' } ]
70 verbose etag https://registry.npmjs.org/semver from cache
71 verbose get saving semver to /home/weylin/.npm/registry.npmjs.org/semver/.cache.json
72 silly resolveWithNewModule semver@6.3.0 checking installable status
73 silly cache add args [ 'semver@^6.3.0', null ]
74 verbose cache add spec semver@^6.3.0
75 silly cache add parsed spec Result {
75 silly cache add   raw: 'semver@^6.3.0',
75 silly cache add   scope: null,
75 silly cache add   name: 'semver',
75 silly cache add   rawSpec: '^6.3.0',
75 silly cache add   spec: '>=6.3.0 <7.0.0',
75 silly cache add   type: 'range' }
76 silly addNamed semver@>=6.3.0 <7.0.0
77 verbose addNamed ">=6.3.0 <7.0.0" is a valid semver range for semver
78 silly addNameRange { name: 'semver', range: '>=6.3.0 <7.0.0', hasData: false }
79 silly mapToRegistry name semver
80 silly mapToRegistry using default registry
81 silly mapToRegistry registry https://registry.npmjs.org/
82 silly mapToRegistry uri https://registry.npmjs.org/semver
83 verbose addNameRange registry:https://registry.npmjs.org/semver not in flight; fetching
84 verbose get https://registry.npmjs.org/semver not expired, no request
85 silly addNameRange number 2 { name: 'semver', range: '>=6.3.0 <7.0.0', hasData: true }
86 silly addNameRange versions [ 'semver',
86 silly addNameRange   [ '1.0.0',
86 silly addNameRange     '1.0.1',
86 silly addNameRange     '1.0.2',
86 silly addNameRange     '1.0.3',
86 silly addNameRange     '1.0.4',
86 silly addNameRange     '1.0.5',
86 silly addNameRange     '1.0.6',
86 silly addNameRange     '1.0.7',
86 silly addNameRange     '1.0.8',
86 silly addNameRange     '1.0.9',
86 silly addNameRange     '1.0.10',
86 silly addNameRange     '1.0.11',
86 silly addNameRange     '1.0.12',
86 silly addNameRange     '1.0.13',
86 silly addNameRange     '1.0.14',
86 silly addNameRange     '1.1.0',
86 silly addNameRange     '1.1.1',
86 silly addNameRange     '1.1.2',
86 silly addNameRange     '1.1.3',
86 silly addNameRange     '1.1.4',
86 silly addNameRange     '2.0.0-alpha',
86 silly addNameRange     '2.0.0-beta',
86 silly addNameRange     '2.0.1',
86 silly addNameRange     '2.0.2',
86 silly addNameRange     '2.0.3',
86 silly addNameRange     '2.0.4',
86 silly addNameRange     '2.0.5',
86 silly addNameRange     '2.0.6',
86 silly addNameRange     '2.0.7',
86 silly addNameRange     '2.0.8',
86 silly addNameRange     '2.0.9',
86 silly addNameRange     '2.0.10',
86 silly addNameRange     '2.0.11',
86 silly addNameRange     '2.1.0',
86 silly addNameRange     '2.2.0',
86 silly addNameRange     '2.2.1',
86 silly addNameRange     '2.3.0',
86 silly addNameRange     '2.3.1',
86 silly addNameRange     '2.3.2',
86 silly addNameRange     '3.0.0',
86 silly addNameRange     '3.0.1',
86 silly addNameRange     '4.0.0',
86 silly addNameRange     '4.0.2',
86 silly addNameRange     '4.0.3',
86 silly addNameRange     '4.1.0',
86 silly addNameRange     '4.1.1',
86 silly addNameRange     '4.2.0',
86 silly addNameRange     '4.2.1',
86 silly addNameRange     '4.2.2',
86 silly addNameRange     '4.3.0',
86 silly addNameRange     '4.3.1',
86 silly addNameRange     '4.3.2',
86 silly addNameRange     '4.3.3',
86 silly addNameRange     '4.3.4',
86 silly addNameRange     '4.3.5',
86 silly addNameRange     '4.3.6',
86 silly addNameRange     '5.0.0',
86 silly addNameRange     '5.0.1',
86 silly addNameRange     '5.0.2',
86 silly addNameRange     '5.0.3',
86 silly addNameRange     '5.1.0',
86 silly addNameRange     '5.1.1',
86 silly addNameRange     '5.2.0',
86 silly addNameRange     '5.3.0',
86 silly addNameRange     '5.4.0',
86 silly addNameRange     '5.4.1',
86 silly addNameRange     '5.5.0',
86 silly addNameRange     '5.5.1',
86 silly addNameRange     '5.6.0',
86 silly addNameRange     '5.7.0',
86 silly addNameRange     '6.0.0',
86 silly addNameRange     '6.1.0',
86 silly addNameRange     '6.1.1',
86 silly addNameRange     '6.1.2',
86 silly addNameRange     '6.1.3',
86 silly addNameRange     '6.2.0',
86 silly addNameRange     '6.3.0',
86 silly addNameRange     '5.7.1' ] ]
87 silly addNamed semver@6.3.0
88 verbose addNamed "6.3.0" is a plain semver version for semver
89 silly cache afterAdd semver@6.3.0
90 verbose afterAdd /home/weylin/.npm/semver/6.3.0/package/package.json not in flight; writing
91 verbose afterAdd /home/weylin/.npm/semver/6.3.0/package/package.json written
92 silly fetchNamedPackageData fsevents
93 silly mapToRegistry name fsevents
94 silly mapToRegistry using default registry
95 silly mapToRegistry registry https://registry.npmjs.org/
96 silly mapToRegistry uri https://registry.npmjs.org/fsevents
97 verbose request uri https://registry.npmjs.org/fsevents
98 verbose request no auth needed
99 info attempt registry request try #1 at 9:29:18 AM
100 verbose etag W/"4e2d025a461db5c4ab6181083820f034"
101 verbose lastModified Sat, 09 Nov 2019 17:08:34 GMT
102 http request GET https://registry.npmjs.org/fsevents
103 http 304 https://registry.npmjs.org/fsevents
104 verbose headers { date: 'Wed, 11 Dec 2019 16:29:18 GMT',
104 verbose headers   connection: 'keep-alive',
104 verbose headers   'set-cookie':
104 verbose headers    [ '__cfduid=dbce963a4bf62f23f047487c945c165931576081758; expires=Fri, 10-Jan-20 16:29:18 GMT; path=/; domain=.npmjs.org; HttpOnly' ],
104 verbose headers   'cf-ray': '5438d6304e6f5021-DEN',
104 verbose headers   age: '6623',
104 verbose headers   'cache-control': 'public, max-age=300',
104 verbose headers   etag: '"4e2d025a461db5c4ab6181083820f034"',
104 verbose headers   'last-modified': 'Sat, 09 Nov 2019 17:08:34 GMT',
104 verbose headers   vary: 'Accept-Encoding',
104 verbose headers   'cf-cache-status': 'HIT',
104 verbose headers   'expect-ct': 'max-age=604800, report-uri="https://report-uri.cloudflare.com/cdn-cgi/beacon/expect-ct"',
104 verbose headers   server: 'cloudflare' }
105 silly get cb [ 304,
105 silly get   { date: 'Wed, 11 Dec 2019 16:29:18 GMT',
105 silly get     connection: 'keep-alive',
105 silly get     'set-cookie':
105 silly get      [ '__cfduid=dbce963a4bf62f23f047487c945c165931576081758; expires=Fri, 10-Jan-20 16:29:18 GMT; path=/; domain=.npmjs.org; HttpOnly' ],
105 silly get     'cf-ray': '5438d6304e6f5021-DEN',
105 silly get     age: '6623',
105 silly get     'cache-control': 'public, max-age=300',
105 silly get     etag: '"4e2d025a461db5c4ab6181083820f034"',
105 silly get     'last-modified': 'Sat, 09 Nov 2019 17:08:34 GMT',
105 silly get     vary: 'Accept-Encoding',
105 silly get     'cf-cache-status': 'HIT',
105 silly get     'expect-ct': 'max-age=604800, report-uri="https://report-uri.cloudflare.com/cdn-cgi/beacon/expect-ct"',
105 silly get     server: 'cloudflare' } ]
106 verbose etag https://registry.npmjs.org/fsevents from cache
107 verbose get saving fsevents to /home/weylin/.npm/registry.npmjs.org/fsevents/.cache.json
108 silly resolveWithNewModule fsevents@1.2.9 checking installable status
109 silly loadAllDepsIntoIdealTree Finishing
110 silly idealTree:prePrune task-manager@1.0.0
110 silly idealTree:prePrune ├── @sendgrid/client@6.4.0
110 silly idealTree:prePrune ├── @sendgrid/helpers@6.4.0
110 silly idealTree:prePrune ├── @sendgrid/mail@6.4.0
110 silly idealTree:prePrune ├── @types/caseless@0.12.2
110 silly idealTree:prePrune ├── @types/node@12.12.17
110 silly idealTree:prePrune ├── @types/request@2.48.3
110 silly idealTree:prePrune ├── @types/tough-cookie@2.3.6
110 silly idealTree:prePrune ├── abbrev@1.1.1
110 silly idealTree:prePrune ├── accepts@1.3.7
110 silly idealTree:prePrune ├── ajv@6.10.2
110 silly idealTree:prePrune ├─┬ ansi-align@2.0.0
110 silly idealTree:prePrune │ ├── ansi-regex@3.0.0
110 silly idealTree:prePrune │ ├── is-fullwidth-code-point@2.0.0
110 silly idealTree:prePrune │ ├── string-width@2.1.1
110 silly idealTree:prePrune │ └── strip-ansi@4.0.0
110 silly idealTree:prePrune ├── ansi-regex@2.1.1
110 silly idealTree:prePrune ├── ansi-styles@3.2.1
110 silly idealTree:prePrune ├─┬ anymatch@2.0.0
110 silly idealTree:prePrune │ └── normalize-path@2.1.1
110 silly idealTree:prePrune ├── append-field@1.0.0
110 silly idealTree:prePrune ├── aproba@1.2.0
110 silly idealTree:prePrune ├─┬ are-we-there-yet@1.1.5
110 silly idealTree:prePrune │ ├── isarray@1.0.0
110 silly idealTree:prePrune │ ├── readable-stream@2.3.6
110 silly idealTree:prePrune │ ├── safe-buffer@5.1.2
110 silly idealTree:prePrune │ └── string_decoder@1.1.1
110 silly idealTree:prePrune ├── arr-diff@4.0.0
110 silly idealTree:prePrune ├── arr-flatten@1.1.0
110 silly idealTree:prePrune ├── arr-union@3.1.0
110 silly idealTree:prePrune ├── array-flatten@1.1.1
110 silly idealTree:prePrune ├── array-unique@0.3.2
110 silly idealTree:prePrune ├── asn1@0.2.4
110 silly idealTree:prePrune ├── assert-plus@1.0.0
110 silly idealTree:prePrune ├── assign-symbols@1.0.0
110 silly idealTree:prePrune ├── async-each@1.0.3
110 silly idealTree:prePrune ├── asynckit@0.4.0
110 silly idealTree:prePrune ├── atob@2.1.2
110 silly idealTree:prePrune ├── aws-sign2@0.7.0
110 silly idealTree:prePrune ├── aws4@1.9.0
110 silly idealTree:prePrune ├── balanced-match@1.0.0
110 silly idealTree:prePrune ├─┬ base@0.11.2
110 silly idealTree:prePrune │ ├── define-property@1.0.0
110 silly idealTree:prePrune │ ├── is-accessor-descriptor@1.0.0
110 silly idealTree:prePrune │ ├── is-data-descriptor@1.0.0
110 silly idealTree:prePrune │ └── is-descriptor@1.0.2
110 silly idealTree:prePrune ├── bcrypt-pbkdf@1.0.2
110 silly idealTree:prePrune ├── bcryptjs@2.4.3
110 silly idealTree:prePrune ├── binary-extensions@1.13.1
110 silly idealTree:prePrune ├─┬ bl@3.0.0
110 silly idealTree:prePrune │ ├── readable-stream@3.4.0
110 silly idealTree:prePrune │ └── string_decoder@1.3.0
110 silly idealTree:prePrune ├── bluebird@3.5.1
110 silly idealTree:prePrune ├─┬ body-parser@1.19.0
110 silly idealTree:prePrune │ └── qs@6.7.0
110 silly idealTree:prePrune ├─┬ boxen@1.3.0
110 silly idealTree:prePrune │ ├── ansi-regex@3.0.0
110 silly idealTree:prePrune │ ├── is-fullwidth-code-point@2.0.0
110 silly idealTree:prePrune │ ├── string-width@2.1.1
110 silly idealTree:prePrune │ └── strip-ansi@4.0.0
110 silly idealTree:prePrune ├── brace-expansion@1.1.11
110 silly idealTree:prePrune ├─┬ braces@2.3.2
110 silly idealTree:prePrune │ └── extend-shallow@2.0.1
110 silly idealTree:prePrune ├── bson@1.1.3
110 silly idealTree:prePrune ├── buffer-equal-constant-time@1.0.1
110 silly idealTree:prePrune ├── buffer-from@1.1.1
110 silly idealTree:prePrune ├── busboy@0.2.14
110 silly idealTree:prePrune ├── bytes@3.1.0
110 silly idealTree:prePrune ├── cache-base@1.0.1
110 silly idealTree:prePrune ├── camelcase@4.1.0
110 silly idealTree:prePrune ├── capture-stack-trace@1.0.1
110 silly idealTree:prePrune ├── caseless@0.12.0
110 silly idealTree:prePrune ├── chalk@2.4.2
110 silly idealTree:prePrune ├── chokidar@2.1.8
110 silly idealTree:prePrune ├── chownr@1.1.3
110 silly idealTree:prePrune ├── ci-info@1.6.0
110 silly idealTree:prePrune ├─┬ class-utils@0.3.6
110 silly idealTree:prePrune │ └── define-property@0.2.5
110 silly idealTree:prePrune ├── cli-boxes@1.0.0
110 silly idealTree:prePrune ├── code-point-at@1.1.0
110 silly idealTree:prePrune ├── collection-visit@1.0.0
110 silly idealTree:prePrune ├── color-convert@1.9.3
110 silly idealTree:prePrune ├── color-name@1.1.3
110 silly idealTree:prePrune ├── color-string@1.5.3
110 silly idealTree:prePrune ├── color@3.1.2
110 silly idealTree:prePrune ├── combined-stream@1.0.8
110 silly idealTree:prePrune ├── component-emitter@1.3.0
110 silly idealTree:prePrune ├── concat-map@0.0.1
110 silly idealTree:prePrune ├─┬ concat-stream@1.6.2
110 silly idealTree:prePrune │ ├── isarray@1.0.0
110 silly idealTree:prePrune │ ├── readable-stream@2.3.6
110 silly idealTree:prePrune │ ├── safe-buffer@5.1.2
110 silly idealTree:prePrune │ └── string_decoder@1.1.1
110 silly idealTree:prePrune ├── configstore@3.1.2
110 silly idealTree:prePrune ├── console-control-strings@1.1.0
110 silly idealTree:prePrune ├─┬ content-disposition@0.5.3
110 silly idealTree:prePrune │ └── safe-buffer@5.1.2
110 silly idealTree:prePrune ├── content-type@1.0.4
110 silly idealTree:prePrune ├── cookie-signature@1.0.6
110 silly idealTree:prePrune ├── cookie@0.4.0
110 silly idealTree:prePrune ├── copy-descriptor@0.1.1
110 silly idealTree:prePrune ├── core-util-is@1.0.2
110 silly idealTree:prePrune ├── create-error-class@3.0.2
110 silly idealTree:prePrune ├── cross-spawn@6.0.5
110 silly idealTree:prePrune ├── crypto-random-string@1.0.0
110 silly idealTree:prePrune ├── dashdash@1.14.1
110 silly idealTree:prePrune ├── debug@2.6.9
110 silly idealTree:prePrune ├── decode-uri-component@0.2.0
110 silly idealTree:prePrune ├── decompress-response@4.2.1
110 silly idealTree:prePrune ├── deep-extend@0.6.0
110 silly idealTree:prePrune ├── deepmerge@2.2.1
110 silly idealTree:prePrune ├─┬ define-property@2.0.2
110 silly idealTree:prePrune │ ├── is-accessor-descriptor@1.0.0
110 silly idealTree:prePrune │ ├── is-data-descriptor@1.0.0
110 silly idealTree:prePrune │ └── is-descriptor@1.0.2
110 silly idealTree:prePrune ├── delayed-stream@1.0.0
110 silly idealTree:prePrune ├── delegates@1.0.0
110 silly idealTree:prePrune ├── depd@1.1.2
110 silly idealTree:prePrune ├── destroy@1.0.4
110 silly idealTree:prePrune ├── detect-libc@1.0.3
110 silly idealTree:prePrune ├── dicer@0.2.5
110 silly idealTree:prePrune ├── dot-prop@4.2.0
110 silly idealTree:prePrune ├── duplexer3@0.1.4
110 silly idealTree:prePrune ├── ecc-jsbn@0.1.2
110 silly idealTree:prePrune ├── ecdsa-sig-formatter@1.0.11
110 silly idealTree:prePrune ├── ee-first@1.1.1
110 silly idealTree:prePrune ├── encodeurl@1.0.2
110 silly idealTree:prePrune ├── end-of-stream@1.4.4
110 silly idealTree:prePrune ├── env-cmd@8.0.2
110 silly idealTree:prePrune ├── escape-html@1.0.3
110 silly idealTree:prePrune ├── escape-string-regexp@1.0.5
110 silly idealTree:prePrune ├── etag@1.8.1
110 silly idealTree:prePrune ├─┬ execa@0.7.0
110 silly idealTree:prePrune │ └── cross-spawn@5.1.0
110 silly idealTree:prePrune ├─┬ expand-brackets@2.1.4
110 silly idealTree:prePrune │ ├── define-property@0.2.5
110 silly idealTree:prePrune │ └── extend-shallow@2.0.1
110 silly idealTree:prePrune ├── expand-template@2.0.3
110 silly idealTree:prePrune ├─┬ express@4.17.1
110 silly idealTree:prePrune │ ├── qs@6.7.0
110 silly idealTree:prePrune │ └── safe-buffer@5.1.2
110 silly idealTree:prePrune ├─┬ extend-shallow@3.0.2
110 silly idealTree:prePrune │ └── is-extendable@1.0.1
110 silly idealTree:prePrune ├── extend@3.0.2
110 silly idealTree:prePrune ├─┬ extglob@2.0.4
110 silly idealTree:prePrune │ ├── define-property@1.0.0
110 silly idealTree:prePrune │ ├── extend-shallow@2.0.1
110 silly idealTree:prePrune │ ├── is-accessor-descriptor@1.0.0
110 silly idealTree:prePrune │ ├── is-data-descriptor@1.0.0
110 silly idealTree:prePrune │ └── is-descriptor@1.0.2
110 silly idealTree:prePrune ├── extsprintf@1.3.0
110 silly idealTree:prePrune ├── fast-deep-equal@2.0.1
110 silly idealTree:prePrune ├── fast-json-stable-stringify@2.0.0
110 silly idealTree:prePrune ├─┬ fill-range@4.0.0
110 silly idealTree:prePrune │ └── extend-shallow@2.0.1
110 silly idealTree:prePrune ├── finalhandler@1.1.2
110 silly idealTree:prePrune ├── for-in@1.0.2
110 silly idealTree:prePrune ├── forever-agent@0.6.1
110 silly idealTree:prePrune ├── form-data@2.5.1
110 silly idealTree:prePrune ├── forwarded@0.1.2
110 silly idealTree:prePrune ├── fragment-cache@0.2.1
110 silly idealTree:prePrune ├── fresh@0.5.2
110 silly idealTree:prePrune ├── fs-constants@1.0.0
110 silly idealTree:prePrune ├── fs-minipass@2.0.0
110 silly idealTree:prePrune ├── gauge@2.7.4
110 silly idealTree:prePrune ├── get-stream@3.0.0
110 silly idealTree:prePrune ├── get-value@2.0.6
110 silly idealTree:prePrune ├── getpass@0.1.7
110 silly idealTree:prePrune ├── github-from-package@0.0.0
110 silly idealTree:prePrune ├─┬ glob-parent@3.1.0
110 silly idealTree:prePrune │ └── is-glob@3.1.0
110 silly idealTree:prePrune ├── global-dirs@0.1.1
110 silly idealTree:prePrune ├── got@6.7.1
110 silly idealTree:prePrune ├── graceful-fs@4.2.3
110 silly idealTree:prePrune ├── har-schema@2.0.0
110 silly idealTree:prePrune ├── har-validator@5.1.3
110 silly idealTree:prePrune ├── has-flag@3.0.0
110 silly idealTree:prePrune ├── has-unicode@2.0.1
110 silly idealTree:prePrune ├── has-value@1.0.0
110 silly idealTree:prePrune ├─┬ has-values@1.0.0
110 silly idealTree:prePrune │ └── kind-of@4.0.0
110 silly idealTree:prePrune ├── http-errors@1.7.2
110 silly idealTree:prePrune ├── http-signature@1.2.0
110 silly idealTree:prePrune ├── iconv-lite@0.4.24
110 silly idealTree:prePrune ├── ignore-by-default@1.0.1
110 silly idealTree:prePrune ├── import-lazy@2.1.0
110 silly idealTree:prePrune ├── imurmurhash@0.1.4
110 silly idealTree:prePrune ├── inherits@2.0.3
110 silly idealTree:prePrune ├── ini@1.3.5
110 silly idealTree:prePrune ├── ipaddr.js@1.9.0
110 silly idealTree:prePrune ├─┬ is-accessor-descriptor@0.1.6
110 silly idealTree:prePrune │ └── kind-of@3.2.2
110 silly idealTree:prePrune ├── is-arrayish@0.3.2
110 silly idealTree:prePrune ├── is-binary-path@1.0.1
110 silly idealTree:prePrune ├── is-buffer@1.1.6
110 silly idealTree:prePrune ├── is-ci@1.2.1
110 silly idealTree:prePrune ├─┬ is-data-descriptor@0.1.4
110 silly idealTree:prePrune │ └── kind-of@3.2.2
110 silly idealTree:prePrune ├─┬ is-descriptor@0.1.6
110 silly idealTree:prePrune │ └── kind-of@5.1.0
110 silly idealTree:prePrune ├── is-extendable@0.1.1
110 silly idealTree:prePrune ├── is-extglob@2.1.1
110 silly idealTree:prePrune ├── is-fullwidth-code-point@1.0.0
110 silly idealTree:prePrune ├── is-glob@4.0.1
110 silly idealTree:prePrune ├── is-installed-globally@0.1.0
110 silly idealTree:prePrune ├── is-npm@1.0.0
110 silly idealTree:prePrune ├─┬ is-number@3.0.0
110 silly idealTree:prePrune │ └── kind-of@3.2.2
110 silly idealTree:prePrune ├── is-obj@1.0.1
110 silly idealTree:prePrune ├── is-path-inside@1.0.1
110 silly idealTree:prePrune ├── is-plain-object@2.0.4
110 silly idealTree:prePrune ├── is-redirect@1.0.0
110 silly idealTree:prePrune ├── is-retry-allowed@1.2.0
110 silly idealTree:prePrune ├── is-stream@1.1.0
110 silly idealTree:prePrune ├── is-typedarray@1.0.0
110 silly idealTree:prePrune ├── is-windows@1.0.2
110 silly idealTree:prePrune ├── isarray@0.0.1
110 silly idealTree:prePrune ├── isexe@2.0.0
110 silly idealTree:prePrune ├── isobject@3.0.1
110 silly idealTree:prePrune ├── isstream@0.1.2
110 silly idealTree:prePrune ├── jsbn@0.1.1
110 silly idealTree:prePrune ├── json-schema-traverse@0.4.1
110 silly idealTree:prePrune ├── json-schema@0.2.3
110 silly idealTree:prePrune ├── json-stringify-safe@5.0.1
110 silly idealTree:prePrune ├─┬ jsonwebtoken@8.5.1
110 silly idealTree:prePrune │ └── ms@2.1.2
110 silly idealTree:prePrune ├── jsprim@1.4.1
110 silly idealTree:prePrune ├── jwa@1.4.1
110 silly idealTree:prePrune ├── jws@3.2.2
110 silly idealTree:prePrune ├── kareem@2.3.1
110 silly idealTree:prePrune ├── kind-of@6.0.2
110 silly idealTree:prePrune ├── latest-version@3.1.0
110 silly idealTree:prePrune ├── lodash.includes@4.3.0
110 silly idealTree:prePrune ├── lodash.isboolean@3.0.3
110 silly idealTree:prePrune ├── lodash.isinteger@4.0.4
110 silly idealTree:prePrune ├── lodash.isnumber@3.0.3
110 silly idealTree:prePrune ├── lodash.isplainobject@4.0.6
110 silly idealTree:prePrune ├── lodash.isstring@4.0.1
110 silly idealTree:prePrune ├── lodash.once@4.1.1
110 silly idealTree:prePrune ├── lowercase-keys@1.0.1
110 silly idealTree:prePrune ├─┬ lru-cache@4.1.5
110 silly idealTree:prePrune │ └── yallist@2.1.2
110 silly idealTree:prePrune ├── make-dir@1.3.0
110 silly idealTree:prePrune ├── map-cache@0.2.2
110 silly idealTree:prePrune ├── map-visit@1.0.0
110 silly idealTree:prePrune ├── media-typer@0.3.0
110 silly idealTree:prePrune ├── memory-pager@1.5.0
110 silly idealTree:prePrune ├── merge-descriptors@1.0.1
110 silly idealTree:prePrune ├── methods@1.1.2
110 silly idealTree:prePrune ├── micromatch@3.1.10
110 silly idealTree:prePrune ├── mime-db@1.42.0
110 silly idealTree:prePrune ├── mime-types@2.1.25
110 silly idealTree:prePrune ├── mime@1.6.0
110 silly idealTree:prePrune ├── mimic-response@2.0.0
110 silly idealTree:prePrune ├── minimatch@3.0.4
110 silly idealTree:prePrune ├── minimist@0.0.8
110 silly idealTree:prePrune ├── minipass@3.1.1
110 silly idealTree:prePrune ├── minizlib@2.1.0
110 silly idealTree:prePrune ├─┬ mixin-deep@1.3.2
110 silly idealTree:prePrune │ └── is-extendable@1.0.1
110 silly idealTree:prePrune ├── mkdirp@0.5.1
110 silly idealTree:prePrune ├── mongodb@3.4.0
110 silly idealTree:prePrune ├── mongoose-legacy-pluralize@1.0.2
110 silly idealTree:prePrune ├─┬ mongoose@5.8.0
110 silly idealTree:prePrune │ ├── mongodb@3.3.5
110 silly idealTree:prePrune │ ├── ms@2.1.2
110 silly idealTree:prePrune │ └── safe-buffer@5.1.2
110 silly idealTree:prePrune ├── mpath@0.6.0
110 silly idealTree:prePrune ├─┬ mquery@3.2.2
110 silly idealTree:prePrune │ ├── debug@3.1.0
110 silly idealTree:prePrune │ └── safe-buffer@5.1.2
110 silly idealTree:prePrune ├── ms@2.0.0
110 silly idealTree:prePrune ├── multer@1.4.2
110 silly idealTree:prePrune ├── nan@2.14.0
110 silly idealTree:prePrune ├── nanomatch@1.2.13
110 silly idealTree:prePrune ├── napi-build-utils@1.0.1
110 silly idealTree:prePrune ├── negotiator@0.6.2
110 silly idealTree:prePrune ├── nice-try@1.0.5
110 silly idealTree:prePrune ├── node-abi@2.13.0
110 silly idealTree:prePrune ├─┬ nodemon@1.19.4
110 silly idealTree:prePrune │ ├── debug@3.2.6
110 silly idealTree:prePrune │ └── ms@2.1.2
110 silly idealTree:prePrune ├── noop-logger@0.1.1
110 silly idealTree:prePrune ├── nopt@1.0.10
110 silly idealTree:prePrune ├── normalize-path@3.0.0
110 silly idealTree:prePrune ├── npm-run-path@2.0.2
110 silly idealTree:prePrune ├── npmlog@4.1.2
110 silly idealTree:prePrune ├── number-is-nan@1.0.1
110 silly idealTree:prePrune ├── oauth-sign@0.9.0
110 silly idealTree:prePrune ├── object-assign@4.1.1
110 silly idealTree:prePrune ├─┬ object-copy@0.1.0
110 silly idealTree:prePrune │ ├── define-property@0.2.5
110 silly idealTree:prePrune │ └── kind-of@3.2.2
110 silly idealTree:prePrune ├── object-visit@1.0.1
110 silly idealTree:prePrune ├── object.pick@1.3.0
110 silly idealTree:prePrune ├── on-finished@2.3.0
110 silly idealTree:prePrune ├── once@1.4.0
110 silly idealTree:prePrune ├── p-finally@1.0.0
110 silly idealTree:prePrune ├── package-json@4.0.1
110 silly idealTree:prePrune ├── parseurl@1.3.3
110 silly idealTree:prePrune ├── pascalcase@0.1.1
110 silly idealTree:prePrune ├── path-dirname@1.0.2
110 silly idealTree:prePrune ├── path-is-absolute@1.0.1
110 silly idealTree:prePrune ├── path-is-inside@1.0.2
110 silly idealTree:prePrune ├── path-key@2.0.1
110 silly idealTree:prePrune ├── path-to-regexp@0.1.7
110 silly idealTree:prePrune ├── performance-now@2.1.0
110 silly idealTree:prePrune ├── pify@3.0.0
110 silly idealTree:prePrune ├── posix-character-classes@0.1.1
110 silly idealTree:prePrune ├─┬ prebuild-install@5.3.3
110 silly idealTree:prePrune │ └── minimist@1.2.0
110 silly idealTree:prePrune ├── prepend-http@1.0.4
110 silly idealTree:prePrune ├── process-nextick-args@2.0.1
110 silly idealTree:prePrune ├── proxy-addr@2.0.5
110 silly idealTree:prePrune ├── pseudomap@1.0.2
110 silly idealTree:prePrune ├── psl@1.6.0
110 silly idealTree:prePrune ├── pstree.remy@1.1.7
110 silly idealTree:prePrune ├── pump@3.0.0
110 silly idealTree:prePrune ├── punycode@2.1.1
110 silly idealTree:prePrune ├── qs@6.5.2
110 silly idealTree:prePrune ├── range-parser@1.2.1
110 silly idealTree:prePrune ├── raw-body@2.4.0
110 silly idealTree:prePrune ├─┬ rc@1.2.8
110 silly idealTree:prePrune │ └── minimist@1.2.0
110 silly idealTree:prePrune ├── readable-stream@1.1.14
110 silly idealTree:prePrune ├─┬ readdirp@2.2.1
110 silly idealTree:prePrune │ ├── isarray@1.0.0
110 silly idealTree:prePrune │ ├── readable-stream@2.3.6
110 silly idealTree:prePrune │ ├── safe-buffer@5.1.2
110 silly idealTree:prePrune │ └── string_decoder@1.1.1
110 silly idealTree:prePrune ├── regex-not@1.0.2
110 silly idealTree:prePrune ├── regexp-clone@1.0.0
110 silly idealTree:prePrune ├── registry-auth-token@3.4.0
110 silly idealTree:prePrune ├── registry-url@3.1.0
110 silly idealTree:prePrune ├── remove-trailing-separator@1.1.0
110 silly idealTree:prePrune ├── repeat-element@1.1.3
110 silly idealTree:prePrune ├── repeat-string@1.6.1
110 silly idealTree:prePrune ├─┬ request@2.88.0
110 silly idealTree:prePrune │ └── form-data@2.3.3
110 silly idealTree:prePrune ├── require_optional@1.0.1
110 silly idealTree:prePrune ├── resolve-from@2.0.0
110 silly idealTree:prePrune ├── resolve-url@0.2.1
110 silly idealTree:prePrune ├── ret@0.1.15
110 silly idealTree:prePrune ├── safe-buffer@5.2.0
110 silly idealTree:prePrune ├── safe-regex@1.1.0
110 silly idealTree:prePrune ├── safer-buffer@2.1.2
110 silly idealTree:prePrune ├── saslprep@1.0.3
110 silly idealTree:prePrune ├── semver-diff@2.1.0
110 silly idealTree:prePrune ├── semver@5.7.1
110 silly idealTree:prePrune ├─┬ send@0.17.1
110 silly idealTree:prePrune │ └── ms@2.1.1
110 silly idealTree:prePrune ├── serve-static@1.14.1
110 silly idealTree:prePrune ├── set-blocking@2.0.0
110 silly idealTree:prePrune ├─┬ set-value@2.0.1
110 silly idealTree:prePrune │ └── extend-shallow@2.0.1
110 silly idealTree:prePrune ├── setprototypeof@1.1.1
110 silly idealTree:prePrune ├─┬ sharp@0.23.4
110 silly idealTree:prePrune │ └── semver@6.3.0
110 silly idealTree:prePrune ├── shebang-command@1.2.0
110 silly idealTree:prePrune ├── shebang-regex@1.0.0
110 silly idealTree:prePrune ├── sift@7.0.1
110 silly idealTree:prePrune ├── signal-exit@3.0.2
110 silly idealTree:prePrune ├── simple-concat@1.0.0
110 silly idealTree:prePrune ├── simple-get@3.1.0
110 silly idealTree:prePrune ├── simple-swizzle@0.2.2
110 silly idealTree:prePrune ├── sliced@1.0.1
110 silly idealTree:prePrune ├─┬ snapdragon-node@2.1.1
110 silly idealTree:prePrune │ ├── define-property@1.0.0
110 silly idealTree:prePrune │ ├── is-accessor-descriptor@1.0.0
110 silly idealTree:prePrune │ ├── is-data-descriptor@1.0.0
110 silly idealTree:prePrune │ └── is-descriptor@1.0.2
110 silly idealTree:prePrune ├─┬ snapdragon-util@3.0.1
110 silly idealTree:prePrune │ └── kind-of@3.2.2
110 silly idealTree:prePrune ├─┬ snapdragon@0.8.2
110 silly idealTree:prePrune │ ├── define-property@0.2.5
110 silly idealTree:prePrune │ └── extend-shallow@2.0.1
110 silly idealTree:prePrune ├── source-map-resolve@0.5.2
110 silly idealTree:prePrune ├── source-map-url@0.4.0
110 silly idealTree:prePrune ├── source-map@0.5.7
110 silly idealTree:prePrune ├── sparse-bitfield@3.0.3
110 silly idealTree:prePrune ├── split-string@3.1.0
110 silly idealTree:prePrune ├── sshpk@1.16.1
110 silly idealTree:prePrune ├─┬ static-extend@0.1.2
110 silly idealTree:prePrune │ └── define-property@0.2.5
110 silly idealTree:prePrune ├── statuses@1.5.0
110 silly idealTree:prePrune ├── streamsearch@0.1.2
110 silly idealTree:prePrune ├── string_decoder@0.10.31
110 silly idealTree:prePrune ├── string-width@1.0.2
110 silly idealTree:prePrune ├── strip-ansi@3.0.1
110 silly idealTree:prePrune ├── strip-eof@1.0.0
110 silly idealTree:prePrune ├── strip-json-comments@2.0.1
110 silly idealTree:prePrune ├── supports-color@5.5.0
110 silly idealTree:prePrune ├── tar-fs@2.0.0
110 silly idealTree:prePrune ├─┬ tar-stream@2.1.0
110 silly idealTree:prePrune │ ├── readable-stream@3.4.0
110 silly idealTree:prePrune │ └── string_decoder@1.3.0
110 silly idealTree:prePrune ├── tar@5.0.5
110 silly idealTree:prePrune ├── term-size@1.2.0
110 silly idealTree:prePrune ├── timed-out@4.0.1
110 silly idealTree:prePrune ├─┬ to-object-path@0.3.0
110 silly idealTree:prePrune │ └── kind-of@3.2.2
110 silly idealTree:prePrune ├── to-regex-range@2.1.1
110 silly idealTree:prePrune ├── to-regex@3.0.2
110 silly idealTree:prePrune ├── toidentifier@1.0.0
110 silly idealTree:prePrune ├── touch@3.1.0
110 silly idealTree:prePrune ├─┬ tough-cookie@2.4.3
110 silly idealTree:prePrune │ └── punycode@1.4.1
110 silly idealTree:prePrune ├── tunnel-agent@0.6.0
110 silly idealTree:prePrune ├── tweetnacl@0.14.5
110 silly idealTree:prePrune ├── type-is@1.6.18
110 silly idealTree:prePrune ├── typedarray@0.0.6
110 silly idealTree:prePrune ├── undefsafe@2.0.2
110 silly idealTree:prePrune ├── union-value@1.0.1
110 silly idealTree:prePrune ├── unique-string@1.0.0
110 silly idealTree:prePrune ├── unpipe@1.0.0
110 silly idealTree:prePrune ├─┬ unset-value@1.0.0
110 silly idealTree:prePrune │ ├─┬ has-value@0.3.1
110 silly idealTree:prePrune │ │ └── isobject@2.1.0
110 silly idealTree:prePrune │ ├── has-values@0.1.4
110 silly idealTree:prePrune │ └── isarray@1.0.0
110 silly idealTree:prePrune ├── unzip-response@2.0.1
110 silly idealTree:prePrune ├── upath@1.2.0
110 silly idealTree:prePrune ├── update-notifier@2.5.0
110 silly idealTree:prePrune ├── uri-js@4.2.2
110 silly idealTree:prePrune ├── urix@0.1.0
110 silly idealTree:prePrune ├── url-parse-lax@1.0.0
110 silly idealTree:prePrune ├── use@3.1.1
110 silly idealTree:prePrune ├── util-deprecate@1.0.2
110 silly idealTree:prePrune ├── utils-merge@1.0.1
110 silly idealTree:prePrune ├── uuid@3.3.3
110 silly idealTree:prePrune ├── validator@10.11.0
110 silly idealTree:prePrune ├── vary@1.1.2
110 silly idealTree:prePrune ├── verror@1.10.0
110 silly idealTree:prePrune ├── which-pm-runs@1.0.0
110 silly idealTree:prePrune ├── which@1.3.1
110 silly idealTree:prePrune ├── wide-align@1.1.3
110 silly idealTree:prePrune ├─┬ widest-line@2.0.1
110 silly idealTree:prePrune │ ├── ansi-regex@3.0.0
110 silly idealTree:prePrune │ ├── is-fullwidth-code-point@2.0.0
110 silly idealTree:prePrune │ ├── string-width@2.1.1
110 silly idealTree:prePrune │ └── strip-ansi@4.0.0
110 silly idealTree:prePrune ├── wrappy@1.0.2
110 silly idealTree:prePrune ├── write-file-atomic@2.4.3
110 silly idealTree:prePrune ├── xdg-basedir@3.0.0
110 silly idealTree:prePrune ├── xtend@4.0.2
110 silly idealTree:prePrune └── yallist@4.0.0
111 silly loadIdealTree Finishing
112 silly currentTree task-manager@1.0.0
112 silly currentTree ├── @sendgrid/client@6.4.0
112 silly currentTree ├── @sendgrid/helpers@6.4.0
112 silly currentTree ├── @sendgrid/mail@6.4.0
112 silly currentTree ├── @types/caseless@0.12.2
112 silly currentTree ├── @types/node@12.12.17
112 silly currentTree ├── @types/request@2.48.3
112 silly currentTree ├── @types/tough-cookie@2.3.6
112 silly currentTree ├── abbrev@1.1.1
112 silly currentTree ├── accepts@1.3.7
112 silly currentTree ├── ajv@6.10.2
112 silly currentTree ├─┬ ansi-align@2.0.0
112 silly currentTree │ ├── ansi-regex@3.0.0
112 silly currentTree │ ├── is-fullwidth-code-point@2.0.0
112 silly currentTree │ ├── string-width@2.1.1
112 silly currentTree │ └── strip-ansi@4.0.0
112 silly currentTree ├── ansi-regex@2.1.1
112 silly currentTree ├── ansi-styles@3.2.1
112 silly currentTree ├─┬ anymatch@2.0.0
112 silly currentTree │ └── normalize-path@2.1.1
112 silly currentTree ├── append-field@1.0.0
112 silly currentTree ├── aproba@1.2.0
112 silly currentTree ├─┬ are-we-there-yet@1.1.5
112 silly currentTree │ ├── isarray@1.0.0
112 silly currentTree │ ├── readable-stream@2.3.6
112 silly currentTree │ ├── safe-buffer@5.1.2
112 silly currentTree │ └── string_decoder@1.1.1
112 silly currentTree ├── arr-diff@4.0.0
112 silly currentTree ├── arr-flatten@1.1.0
112 silly currentTree ├── arr-union@3.1.0
112 silly currentTree ├── array-flatten@1.1.1
112 silly currentTree ├── array-unique@0.3.2
112 silly currentTree ├── asn1@0.2.4
112 silly currentTree ├── assert-plus@1.0.0
112 silly currentTree ├── assign-symbols@1.0.0
112 silly currentTree ├── async-each@1.0.3
112 silly currentTree ├── asynckit@0.4.0
112 silly currentTree ├── atob@2.1.2
112 silly currentTree ├── aws-sign2@0.7.0
112 silly currentTree ├── aws4@1.9.0
112 silly currentTree ├── balanced-match@1.0.0
112 silly currentTree ├─┬ base@0.11.2
112 silly currentTree │ ├── define-property@1.0.0
112 silly currentTree │ ├── is-accessor-descriptor@1.0.0
112 silly currentTree │ ├── is-data-descriptor@1.0.0
112 silly currentTree │ └── is-descriptor@1.0.2
112 silly currentTree ├── bcrypt-pbkdf@1.0.2
112 silly currentTree ├── bcryptjs@2.4.3
112 silly currentTree ├── binary-extensions@1.13.1
112 silly currentTree ├─┬ bl@3.0.0
112 silly currentTree │ ├── readable-stream@3.4.0
112 silly currentTree │ └── string_decoder@1.3.0
112 silly currentTree ├── bluebird@3.5.1
112 silly currentTree ├─┬ body-parser@1.19.0
112 silly currentTree │ └── qs@6.7.0
112 silly currentTree ├─┬ boxen@1.3.0
112 silly currentTree │ ├── ansi-regex@3.0.0
112 silly currentTree │ ├── is-fullwidth-code-point@2.0.0
112 silly currentTree │ ├── string-width@2.1.1
112 silly currentTree │ └── strip-ansi@4.0.0
112 silly currentTree ├── brace-expansion@1.1.11
112 silly currentTree ├─┬ braces@2.3.2
112 silly currentTree │ └── extend-shallow@2.0.1
112 silly currentTree ├── bson@1.1.3
112 silly currentTree ├── buffer-equal-constant-time@1.0.1
112 silly currentTree ├── buffer-from@1.1.1
112 silly currentTree ├── busboy@0.2.14
112 silly currentTree ├── bytes@3.1.0
112 silly currentTree ├── cache-base@1.0.1
112 silly currentTree ├── camelcase@4.1.0
112 silly currentTree ├── capture-stack-trace@1.0.1
112 silly currentTree ├── caseless@0.12.0
112 silly currentTree ├── chalk@2.4.2
112 silly currentTree ├── chokidar@2.1.8
112 silly currentTree ├── chownr@1.1.3
112 silly currentTree ├── ci-info@1.6.0
112 silly currentTree ├─┬ class-utils@0.3.6
112 silly currentTree │ └── define-property@0.2.5
112 silly currentTree ├── cli-boxes@1.0.0
112 silly currentTree ├── code-point-at@1.1.0
112 silly currentTree ├── collection-visit@1.0.0
112 silly currentTree ├── color-convert@1.9.3
112 silly currentTree ├── color-name@1.1.3
112 silly currentTree ├── color-string@1.5.3
112 silly currentTree ├── color@3.1.2
112 silly currentTree ├── combined-stream@1.0.8
112 silly currentTree ├── component-emitter@1.3.0
112 silly currentTree ├── concat-map@0.0.1
112 silly currentTree ├─┬ concat-stream@1.6.2
112 silly currentTree │ ├── isarray@1.0.0
112 silly currentTree │ ├── readable-stream@2.3.6
112 silly currentTree │ ├── safe-buffer@5.1.2
112 silly currentTree │ └── string_decoder@1.1.1
112 silly currentTree ├── configstore@3.1.2
112 silly currentTree ├── console-control-strings@1.1.0
112 silly currentTree ├─┬ content-disposition@0.5.3
112 silly currentTree │ └── safe-buffer@5.1.2
112 silly currentTree ├── content-type@1.0.4
112 silly currentTree ├── cookie-signature@1.0.6
112 silly currentTree ├── cookie@0.4.0
112 silly currentTree ├── copy-descriptor@0.1.1
112 silly currentTree ├── core-util-is@1.0.2
112 silly currentTree ├── create-error-class@3.0.2
112 silly currentTree ├── cross-spawn@6.0.5
112 silly currentTree ├── crypto-random-string@1.0.0
112 silly currentTree ├── dashdash@1.14.1
112 silly currentTree ├── debug@2.6.9
112 silly currentTree ├── decode-uri-component@0.2.0
112 silly currentTree ├── decompress-response@4.2.1
112 silly currentTree ├── deep-extend@0.6.0
112 silly currentTree ├── deepmerge@2.2.1
112 silly currentTree ├─┬ define-property@2.0.2
112 silly currentTree │ ├── is-accessor-descriptor@1.0.0
112 silly currentTree │ ├── is-data-descriptor@1.0.0
112 silly currentTree │ └── is-descriptor@1.0.2
112 silly currentTree ├── delayed-stream@1.0.0
112 silly currentTree ├── delegates@1.0.0
112 silly currentTree ├── depd@1.1.2
112 silly currentTree ├── destroy@1.0.4
112 silly currentTree ├── detect-libc@1.0.3
112 silly currentTree ├── dicer@0.2.5
112 silly currentTree ├── dot-prop@4.2.0
112 silly currentTree ├── duplexer3@0.1.4
112 silly currentTree ├── ecc-jsbn@0.1.2
112 silly currentTree ├── ecdsa-sig-formatter@1.0.11
112 silly currentTree ├── ee-first@1.1.1
112 silly currentTree ├── encodeurl@1.0.2
112 silly currentTree ├── end-of-stream@1.4.4
112 silly currentTree ├── env-cmd@8.0.2
112 silly currentTree ├── escape-html@1.0.3
112 silly currentTree ├── escape-string-regexp@1.0.5
112 silly currentTree ├── etag@1.8.1
112 silly currentTree ├─┬ execa@0.7.0
112 silly currentTree │ └── cross-spawn@5.1.0
112 silly currentTree ├─┬ expand-brackets@2.1.4
112 silly currentTree │ ├── define-property@0.2.5
112 silly currentTree │ └── extend-shallow@2.0.1
112 silly currentTree ├── expand-template@2.0.3
112 silly currentTree ├─┬ express@4.17.1
112 silly currentTree │ ├── qs@6.7.0
112 silly currentTree │ └── safe-buffer@5.1.2
112 silly currentTree ├─┬ extend-shallow@3.0.2
112 silly currentTree │ └── is-extendable@1.0.1
112 silly currentTree ├── extend@3.0.2
112 silly currentTree ├─┬ extglob@2.0.4
112 silly currentTree │ ├── define-property@1.0.0
112 silly currentTree │ ├── extend-shallow@2.0.1
112 silly currentTree │ ├── is-accessor-descriptor@1.0.0
112 silly currentTree │ ├── is-data-descriptor@1.0.0
112 silly currentTree │ └── is-descriptor@1.0.2
112 silly currentTree ├── extsprintf@1.3.0
112 silly currentTree ├── fast-deep-equal@2.0.1
112 silly currentTree ├── fast-json-stable-stringify@2.0.0
112 silly currentTree ├─┬ fill-range@4.0.0
112 silly currentTree │ └── extend-shallow@2.0.1
112 silly currentTree ├── finalhandler@1.1.2
112 silly currentTree ├── for-in@1.0.2
112 silly currentTree ├── forever-agent@0.6.1
112 silly currentTree ├── form-data@2.5.1
112 silly currentTree ├── forwarded@0.1.2
112 silly currentTree ├── fragment-cache@0.2.1
112 silly currentTree ├── fresh@0.5.2
112 silly currentTree ├── fs-constants@1.0.0
112 silly currentTree ├── fs-minipass@2.0.0
112 silly currentTree ├── gauge@2.7.4
112 silly currentTree ├── get-stream@3.0.0
112 silly currentTree ├── get-value@2.0.6
112 silly currentTree ├── getpass@0.1.7
112 silly currentTree ├── github-from-package@0.0.0
112 silly currentTree ├─┬ glob-parent@3.1.0
112 silly currentTree │ └── is-glob@3.1.0
112 silly currentTree ├── global-dirs@0.1.1
112 silly currentTree ├── got@6.7.1
112 silly currentTree ├── graceful-fs@4.2.3
112 silly currentTree ├── har-schema@2.0.0
112 silly currentTree ├── har-validator@5.1.3
112 silly currentTree ├── has-flag@3.0.0
112 silly currentTree ├── has-unicode@2.0.1
112 silly currentTree ├── has-value@1.0.0
112 silly currentTree ├─┬ has-values@1.0.0
112 silly currentTree │ └── kind-of@4.0.0
112 silly currentTree ├── http-errors@1.7.2
112 silly currentTree ├── http-signature@1.2.0
112 silly currentTree ├── iconv-lite@0.4.24
112 silly currentTree ├── ignore-by-default@1.0.1
112 silly currentTree ├── import-lazy@2.1.0
112 silly currentTree ├── imurmurhash@0.1.4
112 silly currentTree ├── inherits@2.0.3
112 silly currentTree ├── ini@1.3.5
112 silly currentTree ├── ipaddr.js@1.9.0
112 silly currentTree ├─┬ is-accessor-descriptor@0.1.6
112 silly currentTree │ └── kind-of@3.2.2
112 silly currentTree ├── is-arrayish@0.3.2
112 silly currentTree ├── is-binary-path@1.0.1
112 silly currentTree ├── is-buffer@1.1.6
112 silly currentTree ├── is-ci@1.2.1
112 silly currentTree ├─┬ is-data-descriptor@0.1.4
112 silly currentTree │ └── kind-of@3.2.2
112 silly currentTree ├─┬ is-descriptor@0.1.6
112 silly currentTree │ └── kind-of@5.1.0
112 silly currentTree ├── is-extendable@0.1.1
112 silly currentTree ├── is-extglob@2.1.1
112 silly currentTree ├── is-fullwidth-code-point@1.0.0
112 silly currentTree ├── is-glob@4.0.1
112 silly currentTree ├── is-installed-globally@0.1.0
112 silly currentTree ├── is-npm@1.0.0
112 silly currentTree ├─┬ is-number@3.0.0
112 silly currentTree │ └── kind-of@3.2.2
112 silly currentTree ├── is-obj@1.0.1
112 silly currentTree ├── is-path-inside@1.0.1
112 silly currentTree ├── is-plain-object@2.0.4
112 silly currentTree ├── is-redirect@1.0.0
112 silly currentTree ├── is-retry-allowed@1.2.0
112 silly currentTree ├── is-stream@1.1.0
112 silly currentTree ├── is-typedarray@1.0.0
112 silly currentTree ├── is-windows@1.0.2
112 silly currentTree ├── isarray@0.0.1
112 silly currentTree ├── isexe@2.0.0
112 silly currentTree ├── isobject@3.0.1
112 silly currentTree ├── isstream@0.1.2
112 silly currentTree ├── jsbn@0.1.1
112 silly currentTree ├── json-schema-traverse@0.4.1
112 silly currentTree ├── json-schema@0.2.3
112 silly currentTree ├── json-stringify-safe@5.0.1
112 silly currentTree ├─┬ jsonwebtoken@8.5.1
112 silly currentTree │ └── ms@2.1.2
112 silly currentTree ├── jsprim@1.4.1
112 silly currentTree ├── jwa@1.4.1
112 silly currentTree ├── jws@3.2.2
112 silly currentTree ├── kareem@2.3.1
112 silly currentTree ├── kind-of@6.0.2
112 silly currentTree ├── latest-version@3.1.0
112 silly currentTree ├── lodash.includes@4.3.0
112 silly currentTree ├── lodash.isboolean@3.0.3
112 silly currentTree ├── lodash.isinteger@4.0.4
112 silly currentTree ├── lodash.isnumber@3.0.3
112 silly currentTree ├── lodash.isplainobject@4.0.6
112 silly currentTree ├── lodash.isstring@4.0.1
112 silly currentTree ├── lodash.once@4.1.1
112 silly currentTree ├── lowercase-keys@1.0.1
112 silly currentTree ├─┬ lru-cache@4.1.5
112 silly currentTree │ └── yallist@2.1.2
112 silly currentTree ├── make-dir@1.3.0
112 silly currentTree ├── map-cache@0.2.2
112 silly currentTree ├── map-visit@1.0.0
112 silly currentTree ├── media-typer@0.3.0
112 silly currentTree ├── memory-pager@1.5.0
112 silly currentTree ├── merge-descriptors@1.0.1
112 silly currentTree ├── methods@1.1.2
112 silly currentTree ├── micromatch@3.1.10
112 silly currentTree ├── mime-db@1.42.0
112 silly currentTree ├── mime-types@2.1.25
112 silly currentTree ├── mime@1.6.0
112 silly currentTree ├── mimic-response@2.0.0
112 silly currentTree ├── minimatch@3.0.4
112 silly currentTree ├── minimist@0.0.8
112 silly currentTree ├── minipass@3.1.1
112 silly currentTree ├── minizlib@2.1.0
112 silly currentTree ├─┬ mixin-deep@1.3.2
112 silly currentTree │ └── is-extendable@1.0.1
112 silly currentTree ├── mkdirp@0.5.1
112 silly currentTree ├── mongodb@3.4.0
112 silly currentTree ├── mongoose-legacy-pluralize@1.0.2
112 silly currentTree ├─┬ mongoose@5.8.0
112 silly currentTree │ ├── mongodb@3.3.5
112 silly currentTree │ ├── ms@2.1.2
112 silly currentTree │ └── safe-buffer@5.1.2
112 silly currentTree ├── mpath@0.6.0
112 silly currentTree ├─┬ mquery@3.2.2
112 silly currentTree │ ├── debug@3.1.0
112 silly currentTree │ └── safe-buffer@5.1.2
112 silly currentTree ├── ms@2.0.0
112 silly currentTree ├── multer@1.4.2
112 silly currentTree ├── nan@2.14.0
112 silly currentTree ├── nanomatch@1.2.13
112 silly currentTree ├── napi-build-utils@1.0.1
112 silly currentTree ├── negotiator@0.6.2
112 silly currentTree ├── nice-try@1.0.5
112 silly currentTree ├── node-abi@2.13.0
112 silly currentTree ├─┬ nodemon@1.19.4
112 silly currentTree │ ├── debug@3.2.6
112 silly currentTree │ └── ms@2.1.2
112 silly currentTree ├── noop-logger@0.1.1
112 silly currentTree ├── nopt@1.0.10
112 silly currentTree ├── normalize-path@3.0.0
112 silly currentTree ├── npm-run-path@2.0.2
112 silly currentTree ├── npmlog@4.1.2
112 silly currentTree ├── number-is-nan@1.0.1
112 silly currentTree ├── oauth-sign@0.9.0
112 silly currentTree ├── object-assign@4.1.1
112 silly currentTree ├─┬ object-copy@0.1.0
112 silly currentTree │ ├── define-property@0.2.5
112 silly currentTree │ └── kind-of@3.2.2
112 silly currentTree ├── object-visit@1.0.1
112 silly currentTree ├── object.pick@1.3.0
112 silly currentTree ├── on-finished@2.3.0
112 silly currentTree ├── once@1.4.0
112 silly currentTree ├── p-finally@1.0.0
112 silly currentTree ├── package-json@4.0.1
112 silly currentTree ├── parseurl@1.3.3
112 silly currentTree ├── pascalcase@0.1.1
112 silly currentTree ├── path-dirname@1.0.2
112 silly currentTree ├── path-is-absolute@1.0.1
112 silly currentTree ├── path-is-inside@1.0.2
112 silly currentTree ├── path-key@2.0.1
112 silly currentTree ├── path-to-regexp@0.1.7
112 silly currentTree ├── performance-now@2.1.0
112 silly currentTree ├── pify@3.0.0
112 silly currentTree ├── posix-character-classes@0.1.1
112 silly currentTree ├─┬ prebuild-install@5.3.3
112 silly currentTree │ └── minimist@1.2.0
112 silly currentTree ├── prepend-http@1.0.4
112 silly currentTree ├── process-nextick-args@2.0.1
112 silly currentTree ├── proxy-addr@2.0.5
112 silly currentTree ├── pseudomap@1.0.2
112 silly currentTree ├── psl@1.6.0
112 silly currentTree ├── pstree.remy@1.1.7
112 silly currentTree ├── pump@3.0.0
112 silly currentTree ├── punycode@2.1.1
112 silly currentTree ├── qs@6.5.2
112 silly currentTree ├── range-parser@1.2.1
112 silly currentTree ├── raw-body@2.4.0
112 silly currentTree ├─┬ rc@1.2.8
112 silly currentTree │ └── minimist@1.2.0
112 silly currentTree ├── readable-stream@1.1.14
112 silly currentTree ├─┬ readdirp@2.2.1
112 silly currentTree │ ├── isarray@1.0.0
112 silly currentTree │ ├── readable-stream@2.3.6
112 silly currentTree │ ├── safe-buffer@5.1.2
112 silly currentTree │ └── string_decoder@1.1.1
112 silly currentTree ├── regex-not@1.0.2
112 silly currentTree ├── regexp-clone@1.0.0
112 silly currentTree ├── registry-auth-token@3.4.0
112 silly currentTree ├── registry-url@3.1.0
112 silly currentTree ├── remove-trailing-separator@1.1.0
112 silly currentTree ├── repeat-element@1.1.3
112 silly currentTree ├── repeat-string@1.6.1
112 silly currentTree ├─┬ request@2.88.0
112 silly currentTree │ └── form-data@2.3.3
112 silly currentTree ├── require_optional@1.0.1
112 silly currentTree ├── resolve-from@2.0.0
112 silly currentTree ├── resolve-url@0.2.1
112 silly currentTree ├── ret@0.1.15
112 silly currentTree ├── safe-buffer@5.2.0
112 silly currentTree ├── safe-regex@1.1.0
112 silly currentTree ├── safer-buffer@2.1.2
112 silly currentTree ├── saslprep@1.0.3
112 silly currentTree ├── semver-diff@2.1.0
112 silly currentTree ├── semver@5.7.1
112 silly currentTree ├─┬ send@0.17.1
112 silly currentTree │ └── ms@2.1.1
112 silly currentTree ├── serve-static@1.14.1
112 silly currentTree ├── set-blocking@2.0.0
112 silly currentTree ├─┬ set-value@2.0.1
112 silly currentTree │ └── extend-shallow@2.0.1
112 silly currentTree ├── setprototypeof@1.1.1
112 silly currentTree ├── shebang-command@1.2.0
112 silly currentTree ├── shebang-regex@1.0.0
112 silly currentTree ├── sift@7.0.1
112 silly currentTree ├── signal-exit@3.0.2
112 silly currentTree ├── simple-concat@1.0.0
112 silly currentTree ├── simple-get@3.1.0
112 silly currentTree ├── simple-swizzle@0.2.2
112 silly currentTree ├── sliced@1.0.1
112 silly currentTree ├─┬ snapdragon-node@2.1.1
112 silly currentTree │ ├── define-property@1.0.0
112 silly currentTree │ ├── is-accessor-descriptor@1.0.0
112 silly currentTree │ ├── is-data-descriptor@1.0.0
112 silly currentTree │ └── is-descriptor@1.0.2
112 silly currentTree ├─┬ snapdragon-util@3.0.1
112 silly currentTree │ └── kind-of@3.2.2
112 silly currentTree ├─┬ snapdragon@0.8.2
112 silly currentTree │ ├── define-property@0.2.5
112 silly currentTree │ └── extend-shallow@2.0.1
112 silly currentTree ├── source-map-resolve@0.5.2
112 silly currentTree ├── source-map-url@0.4.0
112 silly currentTree ├── source-map@0.5.7
112 silly currentTree ├── sparse-bitfield@3.0.3
112 silly currentTree ├── split-string@3.1.0
112 silly currentTree ├── sshpk@1.16.1
112 silly currentTree ├─┬ static-extend@0.1.2
112 silly currentTree │ └── define-property@0.2.5
112 silly currentTree ├── statuses@1.5.0
112 silly currentTree ├── streamsearch@0.1.2
112 silly currentTree ├── string_decoder@0.10.31
112 silly currentTree ├── string-width@1.0.2
112 silly currentTree ├── strip-ansi@3.0.1
112 silly currentTree ├── strip-eof@1.0.0
112 silly currentTree ├── strip-json-comments@2.0.1
112 silly currentTree ├── supports-color@5.5.0
112 silly currentTree ├── tar-fs@2.0.0
112 silly currentTree ├─┬ tar-stream@2.1.0
112 silly currentTree │ ├── readable-stream@3.4.0
112 silly currentTree │ └── string_decoder@1.3.0
112 silly currentTree ├── tar@5.0.5
112 silly currentTree ├── term-size@1.2.0
112 silly currentTree ├── timed-out@4.0.1
112 silly currentTree ├─┬ to-object-path@0.3.0
112 silly currentTree │ └── kind-of@3.2.2
112 silly currentTree ├── to-regex-range@2.1.1
112 silly currentTree ├── to-regex@3.0.2
112 silly currentTree ├── toidentifier@1.0.0
112 silly currentTree ├── touch@3.1.0
112 silly currentTree ├─┬ tough-cookie@2.4.3
112 silly currentTree │ └── punycode@1.4.1
112 silly currentTree ├── tunnel-agent@0.6.0
112 silly currentTree ├── tweetnacl@0.14.5
112 silly currentTree ├── type-is@1.6.18
112 silly currentTree ├── typedarray@0.0.6
112 silly currentTree ├── undefsafe@2.0.2
112 silly currentTree ├── union-value@1.0.1
112 silly currentTree ├── unique-string@1.0.0
112 silly currentTree ├── unpipe@1.0.0
112 silly currentTree ├─┬ unset-value@1.0.0
112 silly currentTree │ ├─┬ has-value@0.3.1
112 silly currentTree │ │ └── isobject@2.1.0
112 silly currentTree │ ├── has-values@0.1.4
112 silly currentTree │ └── isarray@1.0.0
112 silly currentTree ├── unzip-response@2.0.1
112 silly currentTree ├── upath@1.2.0
112 silly currentTree ├── update-notifier@2.5.0
112 silly currentTree ├── uri-js@4.2.2
112 silly currentTree ├── urix@0.1.0
112 silly currentTree ├── url-parse-lax@1.0.0
112 silly currentTree ├── use@3.1.1
112 silly currentTree ├── util-deprecate@1.0.2
112 silly currentTree ├── utils-merge@1.0.1
112 silly currentTree ├── uuid@3.3.3
112 silly currentTree ├── validator@10.11.0
112 silly currentTree ├── vary@1.1.2
112 silly currentTree ├── verror@1.10.0
112 silly currentTree ├── which-pm-runs@1.0.0
112 silly currentTree ├── which@1.3.1
112 silly currentTree ├── wide-align@1.1.3
112 silly currentTree ├─┬ widest-line@2.0.1
112 silly currentTree │ ├── ansi-regex@3.0.0
112 silly currentTree │ ├── is-fullwidth-code-point@2.0.0
112 silly currentTree │ ├── string-width@2.1.1
112 silly currentTree │ └── strip-ansi@4.0.0
112 silly currentTree ├── wrappy@1.0.2
112 silly currentTree ├── write-file-atomic@2.4.3
112 silly currentTree ├── xdg-basedir@3.0.0
112 silly currentTree ├── xtend@4.0.2
112 silly currentTree └── yallist@4.0.0
113 silly idealTree task-manager@1.0.0
113 silly idealTree ├── @sendgrid/client@6.4.0
113 silly idealTree ├── @sendgrid/helpers@6.4.0
113 silly idealTree ├── @sendgrid/mail@6.4.0
113 silly idealTree ├── @types/caseless@0.12.2
113 silly idealTree ├── @types/node@12.12.17
113 silly idealTree ├── @types/request@2.48.3
113 silly idealTree ├── @types/tough-cookie@2.3.6
113 silly idealTree ├── abbrev@1.1.1
113 silly idealTree ├── accepts@1.3.7
113 silly idealTree ├── ajv@6.10.2
113 silly idealTree ├─┬ ansi-align@2.0.0
113 silly idealTree │ ├── ansi-regex@3.0.0
113 silly idealTree │ ├── is-fullwidth-code-point@2.0.0
113 silly idealTree │ ├── string-width@2.1.1
113 silly idealTree │ └── strip-ansi@4.0.0
113 silly idealTree ├── ansi-regex@2.1.1
113 silly idealTree ├── ansi-styles@3.2.1
113 silly idealTree ├─┬ anymatch@2.0.0
113 silly idealTree │ └── normalize-path@2.1.1
113 silly idealTree ├── append-field@1.0.0
113 silly idealTree ├── aproba@1.2.0
113 silly idealTree ├─┬ are-we-there-yet@1.1.5
113 silly idealTree │ ├── isarray@1.0.0
113 silly idealTree │ ├── readable-stream@2.3.6
113 silly idealTree │ ├── safe-buffer@5.1.2
113 silly idealTree │ └── string_decoder@1.1.1
113 silly idealTree ├── arr-diff@4.0.0
113 silly idealTree ├── arr-flatten@1.1.0
113 silly idealTree ├── arr-union@3.1.0
113 silly idealTree ├── array-flatten@1.1.1
113 silly idealTree ├── array-unique@0.3.2
113 silly idealTree ├── asn1@0.2.4
113 silly idealTree ├── assert-plus@1.0.0
113 silly idealTree ├── assign-symbols@1.0.0
113 silly idealTree ├── async-each@1.0.3
113 silly idealTree ├── asynckit@0.4.0
113 silly idealTree ├── atob@2.1.2
113 silly idealTree ├── aws-sign2@0.7.0
113 silly idealTree ├── aws4@1.9.0
113 silly idealTree ├── balanced-match@1.0.0
113 silly idealTree ├─┬ base@0.11.2
113 silly idealTree │ ├── define-property@1.0.0
113 silly idealTree │ ├── is-accessor-descriptor@1.0.0
113 silly idealTree │ ├── is-data-descriptor@1.0.0
113 silly idealTree │ └── is-descriptor@1.0.2
113 silly idealTree ├── bcrypt-pbkdf@1.0.2
113 silly idealTree ├── bcryptjs@2.4.3
113 silly idealTree ├── binary-extensions@1.13.1
113 silly idealTree ├─┬ bl@3.0.0
113 silly idealTree │ ├── readable-stream@3.4.0
113 silly idealTree │ └── string_decoder@1.3.0
113 silly idealTree ├── bluebird@3.5.1
113 silly idealTree ├─┬ body-parser@1.19.0
113 silly idealTree │ └── qs@6.7.0
113 silly idealTree ├─┬ boxen@1.3.0
113 silly idealTree │ ├── ansi-regex@3.0.0
113 silly idealTree │ ├── is-fullwidth-code-point@2.0.0
113 silly idealTree │ ├── string-width@2.1.1
113 silly idealTree │ └── strip-ansi@4.0.0
113 silly idealTree ├── brace-expansion@1.1.11
113 silly idealTree ├─┬ braces@2.3.2
113 silly idealTree │ └── extend-shallow@2.0.1
113 silly idealTree ├── bson@1.1.3
113 silly idealTree ├── buffer-equal-constant-time@1.0.1
113 silly idealTree ├── buffer-from@1.1.1
113 silly idealTree ├── busboy@0.2.14
113 silly idealTree ├── bytes@3.1.0
113 silly idealTree ├── cache-base@1.0.1
113 silly idealTree ├── camelcase@4.1.0
113 silly idealTree ├── capture-stack-trace@1.0.1
113 silly idealTree ├── caseless@0.12.0
113 silly idealTree ├── chalk@2.4.2
113 silly idealTree ├── chokidar@2.1.8
113 silly idealTree ├── chownr@1.1.3
113 silly idealTree ├── ci-info@1.6.0
113 silly idealTree ├─┬ class-utils@0.3.6
113 silly idealTree │ └── define-property@0.2.5
113 silly idealTree ├── cli-boxes@1.0.0
113 silly idealTree ├── code-point-at@1.1.0
113 silly idealTree ├── collection-visit@1.0.0
113 silly idealTree ├── color-convert@1.9.3
113 silly idealTree ├── color-name@1.1.3
113 silly idealTree ├── color-string@1.5.3
113 silly idealTree ├── color@3.1.2
113 silly idealTree ├── combined-stream@1.0.8
113 silly idealTree ├── component-emitter@1.3.0
113 silly idealTree ├── concat-map@0.0.1
113 silly idealTree ├─┬ concat-stream@1.6.2
113 silly idealTree │ ├── isarray@1.0.0
113 silly idealTree │ ├── readable-stream@2.3.6
113 silly idealTree │ ├── safe-buffer@5.1.2
113 silly idealTree │ └── string_decoder@1.1.1
113 silly idealTree ├── configstore@3.1.2
113 silly idealTree ├── console-control-strings@1.1.0
113 silly idealTree ├─┬ content-disposition@0.5.3
113 silly idealTree │ └── safe-buffer@5.1.2
113 silly idealTree ├── content-type@1.0.4
113 silly idealTree ├── cookie-signature@1.0.6
113 silly idealTree ├── cookie@0.4.0
113 silly idealTree ├── copy-descriptor@0.1.1
113 silly idealTree ├── core-util-is@1.0.2
113 silly idealTree ├── create-error-class@3.0.2
113 silly idealTree ├── cross-spawn@6.0.5
113 silly idealTree ├── crypto-random-string@1.0.0
113 silly idealTree ├── dashdash@1.14.1
113 silly idealTree ├── debug@2.6.9
113 silly idealTree ├── decode-uri-component@0.2.0
113 silly idealTree ├── decompress-response@4.2.1
113 silly idealTree ├── deep-extend@0.6.0
113 silly idealTree ├── deepmerge@2.2.1
113 silly idealTree ├─┬ define-property@2.0.2
113 silly idealTree │ ├── is-accessor-descriptor@1.0.0
113 silly idealTree │ ├── is-data-descriptor@1.0.0
113 silly idealTree │ └── is-descriptor@1.0.2
113 silly idealTree ├── delayed-stream@1.0.0
113 silly idealTree ├── delegates@1.0.0
113 silly idealTree ├── depd@1.1.2
113 silly idealTree ├── destroy@1.0.4
113 silly idealTree ├── detect-libc@1.0.3
113 silly idealTree ├── dicer@0.2.5
113 silly idealTree ├── dot-prop@4.2.0
113 silly idealTree ├── duplexer3@0.1.4
113 silly idealTree ├── ecc-jsbn@0.1.2
113 silly idealTree ├── ecdsa-sig-formatter@1.0.11
113 silly idealTree ├── ee-first@1.1.1
113 silly idealTree ├── encodeurl@1.0.2
113 silly idealTree ├── end-of-stream@1.4.4
113 silly idealTree ├── env-cmd@8.0.2
113 silly idealTree ├── escape-html@1.0.3
113 silly idealTree ├── escape-string-regexp@1.0.5
113 silly idealTree ├── etag@1.8.1
113 silly idealTree ├─┬ execa@0.7.0
113 silly idealTree │ └── cross-spawn@5.1.0
113 silly idealTree ├─┬ expand-brackets@2.1.4
113 silly idealTree │ ├── define-property@0.2.5
113 silly idealTree │ └── extend-shallow@2.0.1
113 silly idealTree ├── expand-template@2.0.3
113 silly idealTree ├─┬ express@4.17.1
113 silly idealTree │ ├── qs@6.7.0
113 silly idealTree │ └── safe-buffer@5.1.2
113 silly idealTree ├─┬ extend-shallow@3.0.2
113 silly idealTree │ └── is-extendable@1.0.1
113 silly idealTree ├── extend@3.0.2
113 silly idealTree ├─┬ extglob@2.0.4
113 silly idealTree │ ├── define-property@1.0.0
113 silly idealTree │ ├── extend-shallow@2.0.1
113 silly idealTree │ ├── is-accessor-descriptor@1.0.0
113 silly idealTree │ ├── is-data-descriptor@1.0.0
113 silly idealTree │ └── is-descriptor@1.0.2
113 silly idealTree ├── extsprintf@1.3.0
113 silly idealTree ├── fast-deep-equal@2.0.1
113 silly idealTree ├── fast-json-stable-stringify@2.0.0
113 silly idealTree ├─┬ fill-range@4.0.0
113 silly idealTree │ └── extend-shallow@2.0.1
113 silly idealTree ├── finalhandler@1.1.2
113 silly idealTree ├── for-in@1.0.2
113 silly idealTree ├── forever-agent@0.6.1
113 silly idealTree ├── form-data@2.5.1
113 silly idealTree ├── forwarded@0.1.2
113 silly idealTree ├── fragment-cache@0.2.1
113 silly idealTree ├── fresh@0.5.2
113 silly idealTree ├── fs-constants@1.0.0
113 silly idealTree ├── fs-minipass@2.0.0
113 silly idealTree ├── gauge@2.7.4
113 silly idealTree ├── get-stream@3.0.0
113 silly idealTree ├── get-value@2.0.6
113 silly idealTree ├── getpass@0.1.7
113 silly idealTree ├── github-from-package@0.0.0
113 silly idealTree ├─┬ glob-parent@3.1.0
113 silly idealTree │ └── is-glob@3.1.0
113 silly idealTree ├── global-dirs@0.1.1
113 silly idealTree ├── got@6.7.1
113 silly idealTree ├── graceful-fs@4.2.3
113 silly idealTree ├── har-schema@2.0.0
113 silly idealTree ├── har-validator@5.1.3
113 silly idealTree ├── has-flag@3.0.0
113 silly idealTree ├── has-unicode@2.0.1
113 silly idealTree ├── has-value@1.0.0
113 silly idealTree ├─┬ has-values@1.0.0
113 silly idealTree │ └── kind-of@4.0.0
113 silly idealTree ├── http-errors@1.7.2
113 silly idealTree ├── http-signature@1.2.0
113 silly idealTree ├── iconv-lite@0.4.24
113 silly idealTree ├── ignore-by-default@1.0.1
113 silly idealTree ├── import-lazy@2.1.0
113 silly idealTree ├── imurmurhash@0.1.4
113 silly idealTree ├── inherits@2.0.3
113 silly idealTree ├── ini@1.3.5
113 silly idealTree ├── ipaddr.js@1.9.0
113 silly idealTree ├─┬ is-accessor-descriptor@0.1.6
113 silly idealTree │ └── kind-of@3.2.2
113 silly idealTree ├── is-arrayish@0.3.2
113 silly idealTree ├── is-binary-path@1.0.1
113 silly idealTree ├── is-buffer@1.1.6
113 silly idealTree ├── is-ci@1.2.1
113 silly idealTree ├─┬ is-data-descriptor@0.1.4
113 silly idealTree │ └── kind-of@3.2.2
113 silly idealTree ├─┬ is-descriptor@0.1.6
113 silly idealTree │ └── kind-of@5.1.0
113 silly idealTree ├── is-extendable@0.1.1
113 silly idealTree ├── is-extglob@2.1.1
113 silly idealTree ├── is-fullwidth-code-point@1.0.0
113 silly idealTree ├── is-glob@4.0.1
113 silly idealTree ├── is-installed-globally@0.1.0
113 silly idealTree ├── is-npm@1.0.0
113 silly idealTree ├─┬ is-number@3.0.0
113 silly idealTree │ └── kind-of@3.2.2
113 silly idealTree ├── is-obj@1.0.1
113 silly idealTree ├── is-path-inside@1.0.1
113 silly idealTree ├── is-plain-object@2.0.4
113 silly idealTree ├── is-redirect@1.0.0
113 silly idealTree ├── is-retry-allowed@1.2.0
113 silly idealTree ├── is-stream@1.1.0
113 silly idealTree ├── is-typedarray@1.0.0
113 silly idealTree ├── is-windows@1.0.2
113 silly idealTree ├── isarray@0.0.1
113 silly idealTree ├── isexe@2.0.0
113 silly idealTree ├── isobject@3.0.1
113 silly idealTree ├── isstream@0.1.2
113 silly idealTree ├── jsbn@0.1.1
113 silly idealTree ├── json-schema-traverse@0.4.1
113 silly idealTree ├── json-schema@0.2.3
113 silly idealTree ├── json-stringify-safe@5.0.1
113 silly idealTree ├─┬ jsonwebtoken@8.5.1
113 silly idealTree │ └── ms@2.1.2
113 silly idealTree ├── jsprim@1.4.1
113 silly idealTree ├── jwa@1.4.1
113 silly idealTree ├── jws@3.2.2
113 silly idealTree ├── kareem@2.3.1
113 silly idealTree ├── kind-of@6.0.2
113 silly idealTree ├── latest-version@3.1.0
113 silly idealTree ├── lodash.includes@4.3.0
113 silly idealTree ├── lodash.isboolean@3.0.3
113 silly idealTree ├── lodash.isinteger@4.0.4
113 silly idealTree ├── lodash.isnumber@3.0.3
113 silly idealTree ├── lodash.isplainobject@4.0.6
113 silly idealTree ├── lodash.isstring@4.0.1
113 silly idealTree ├── lodash.once@4.1.1
113 silly idealTree ├── lowercase-keys@1.0.1
113 silly idealTree ├─┬ lru-cache@4.1.5
113 silly idealTree │ └── yallist@2.1.2
113 silly idealTree ├── make-dir@1.3.0
113 silly idealTree ├── map-cache@0.2.2
113 silly idealTree ├── map-visit@1.0.0
113 silly idealTree ├── media-typer@0.3.0
113 silly idealTree ├── memory-pager@1.5.0
113 silly idealTree ├── merge-descriptors@1.0.1
113 silly idealTree ├── methods@1.1.2
113 silly idealTree ├── micromatch@3.1.10
113 silly idealTree ├── mime-db@1.42.0
113 silly idealTree ├── mime-types@2.1.25
113 silly idealTree ├── mime@1.6.0
113 silly idealTree ├── mimic-response@2.0.0
113 silly idealTree ├── minimatch@3.0.4
113 silly idealTree ├── minimist@0.0.8
113 silly idealTree ├── minipass@3.1.1
113 silly idealTree ├── minizlib@2.1.0
113 silly idealTree ├─┬ mixin-deep@1.3.2
113 silly idealTree │ └── is-extendable@1.0.1
113 silly idealTree ├── mkdirp@0.5.1
113 silly idealTree ├── mongodb@3.4.0
113 silly idealTree ├── mongoose-legacy-pluralize@1.0.2
113 silly idealTree ├─┬ mongoose@5.8.0
113 silly idealTree │ ├── mongodb@3.3.5
113 silly idealTree │ ├── ms@2.1.2
113 silly idealTree │ └── safe-buffer@5.1.2
113 silly idealTree ├── mpath@0.6.0
113 silly idealTree ├─┬ mquery@3.2.2
113 silly idealTree │ ├── debug@3.1.0
113 silly idealTree │ └── safe-buffer@5.1.2
113 silly idealTree ├── ms@2.0.0
113 silly idealTree ├── multer@1.4.2
113 silly idealTree ├── nan@2.14.0
113 silly idealTree ├── nanomatch@1.2.13
113 silly idealTree ├── napi-build-utils@1.0.1
113 silly idealTree ├── negotiator@0.6.2
113 silly idealTree ├── nice-try@1.0.5
113 silly idealTree ├── node-abi@2.13.0
113 silly idealTree ├─┬ nodemon@1.19.4
113 silly idealTree │ ├── debug@3.2.6
113 silly idealTree │ └── ms@2.1.2
113 silly idealTree ├── noop-logger@0.1.1
113 silly idealTree ├── nopt@1.0.10
113 silly idealTree ├── normalize-path@3.0.0
113 silly idealTree ├── npm-run-path@2.0.2
113 silly idealTree ├── npmlog@4.1.2
113 silly idealTree ├── number-is-nan@1.0.1
113 silly idealTree ├── oauth-sign@0.9.0
113 silly idealTree ├── object-assign@4.1.1
113 silly idealTree ├─┬ object-copy@0.1.0
113 silly idealTree │ ├── define-property@0.2.5
113 silly idealTree │ └── kind-of@3.2.2
113 silly idealTree ├── object-visit@1.0.1
113 silly idealTree ├── object.pick@1.3.0
113 silly idealTree ├── on-finished@2.3.0
113 silly idealTree ├── once@1.4.0
113 silly idealTree ├── p-finally@1.0.0
113 silly idealTree ├── package-json@4.0.1
113 silly idealTree ├── parseurl@1.3.3
113 silly idealTree ├── pascalcase@0.1.1
113 silly idealTree ├── path-dirname@1.0.2
113 silly idealTree ├── path-is-absolute@1.0.1
113 silly idealTree ├── path-is-inside@1.0.2
113 silly idealTree ├── path-key@2.0.1
113 silly idealTree ├── path-to-regexp@0.1.7
113 silly idealTree ├── performance-now@2.1.0
113 silly idealTree ├── pify@3.0.0
113 silly idealTree ├── posix-character-classes@0.1.1
113 silly idealTree ├─┬ prebuild-install@5.3.3
113 silly idealTree │ └── minimist@1.2.0
113 silly idealTree ├── prepend-http@1.0.4
113 silly idealTree ├── process-nextick-args@2.0.1
113 silly idealTree ├── proxy-addr@2.0.5
113 silly idealTree ├── pseudomap@1.0.2
113 silly idealTree ├── psl@1.6.0
113 silly idealTree ├── pstree.remy@1.1.7
113 silly idealTree ├── pump@3.0.0
113 silly idealTree ├── punycode@2.1.1
113 silly idealTree ├── qs@6.5.2
113 silly idealTree ├── range-parser@1.2.1
113 silly idealTree ├── raw-body@2.4.0
113 silly idealTree ├─┬ rc@1.2.8
113 silly idealTree │ └── minimist@1.2.0
113 silly idealTree ├── readable-stream@1.1.14
113 silly idealTree ├─┬ readdirp@2.2.1
113 silly idealTree │ ├── isarray@1.0.0
113 silly idealTree │ ├── readable-stream@2.3.6
113 silly idealTree │ ├── safe-buffer@5.1.2
113 silly idealTree │ └── string_decoder@1.1.1
113 silly idealTree ├── regex-not@1.0.2
113 silly idealTree ├── regexp-clone@1.0.0
113 silly idealTree ├── registry-auth-token@3.4.0
113 silly idealTree ├── registry-url@3.1.0
113 silly idealTree ├── remove-trailing-separator@1.1.0
113 silly idealTree ├── repeat-element@1.1.3
113 silly idealTree ├── repeat-string@1.6.1
113 silly idealTree ├─┬ request@2.88.0
113 silly idealTree │ └── form-data@2.3.3
113 silly idealTree ├── require_optional@1.0.1
113 silly idealTree ├── resolve-from@2.0.0
113 silly idealTree ├── resolve-url@0.2.1
113 silly idealTree ├── ret@0.1.15
113 silly idealTree ├── safe-buffer@5.2.0
113 silly idealTree ├── safe-regex@1.1.0
113 silly idealTree ├── safer-buffer@2.1.2
113 silly idealTree ├── saslprep@1.0.3
113 silly idealTree ├── semver-diff@2.1.0
113 silly idealTree ├── semver@5.7.1
113 silly idealTree ├─┬ send@0.17.1
113 silly idealTree │ └── ms@2.1.1
113 silly idealTree ├── serve-static@1.14.1
113 silly idealTree ├── set-blocking@2.0.0
113 silly idealTree ├─┬ set-value@2.0.1
113 silly idealTree │ └── extend-shallow@2.0.1
113 silly idealTree ├── setprototypeof@1.1.1
113 silly idealTree ├─┬ sharp@0.23.4
113 silly idealTree │ └── semver@6.3.0
113 silly idealTree ├── shebang-command@1.2.0
113 silly idealTree ├── shebang-regex@1.0.0
113 silly idealTree ├── sift@7.0.1
113 silly idealTree ├── signal-exit@3.0.2
113 silly idealTree ├── simple-concat@1.0.0
113 silly idealTree ├── simple-get@3.1.0
113 silly idealTree ├── simple-swizzle@0.2.2
113 silly idealTree ├── sliced@1.0.1
113 silly idealTree ├─┬ snapdragon-node@2.1.1
113 silly idealTree │ ├── define-property@1.0.0
113 silly idealTree │ ├── is-accessor-descriptor@1.0.0
113 silly idealTree │ ├── is-data-descriptor@1.0.0
113 silly idealTree │ └── is-descriptor@1.0.2
113 silly idealTree ├─┬ snapdragon-util@3.0.1
113 silly idealTree │ └── kind-of@3.2.2
113 silly idealTree ├─┬ snapdragon@0.8.2
113 silly idealTree │ ├── define-property@0.2.5
113 silly idealTree │ └── extend-shallow@2.0.1
113 silly idealTree ├── source-map-resolve@0.5.2
113 silly idealTree ├── source-map-url@0.4.0
113 silly idealTree ├── source-map@0.5.7
113 silly idealTree ├── sparse-bitfield@3.0.3
113 silly idealTree ├── split-string@3.1.0
113 silly idealTree ├── sshpk@1.16.1
113 silly idealTree ├─┬ static-extend@0.1.2
113 silly idealTree │ └── define-property@0.2.5
113 silly idealTree ├── statuses@1.5.0
113 silly idealTree ├── streamsearch@0.1.2
113 silly idealTree ├── string_decoder@0.10.31
113 silly idealTree ├── string-width@1.0.2
113 silly idealTree ├── strip-ansi@3.0.1
113 silly idealTree ├── strip-eof@1.0.0
113 silly idealTree ├── strip-json-comments@2.0.1
113 silly idealTree ├── supports-color@5.5.0
113 silly idealTree ├── tar-fs@2.0.0
113 silly idealTree ├─┬ tar-stream@2.1.0
113 silly idealTree │ ├── readable-stream@3.4.0
113 silly idealTree │ └── string_decoder@1.3.0
113 silly idealTree ├── tar@5.0.5
113 silly idealTree ├── term-size@1.2.0
113 silly idealTree ├── timed-out@4.0.1
113 silly idealTree ├─┬ to-object-path@0.3.0
113 silly idealTree │ └── kind-of@3.2.2
113 silly idealTree ├── to-regex-range@2.1.1
113 silly idealTree ├── to-regex@3.0.2
113 silly idealTree ├── toidentifier@1.0.0
113 silly idealTree ├── touch@3.1.0
113 silly idealTree ├─┬ tough-cookie@2.4.3
113 silly idealTree │ └── punycode@1.4.1
113 silly idealTree ├── tunnel-agent@0.6.0
113 silly idealTree ├── tweetnacl@0.14.5
113 silly idealTree ├── type-is@1.6.18
113 silly idealTree ├── typedarray@0.0.6
113 silly idealTree ├── undefsafe@2.0.2
113 silly idealTree ├── union-value@1.0.1
113 silly idealTree ├── unique-string@1.0.0
113 silly idealTree ├── unpipe@1.0.0
113 silly idealTree ├─┬ unset-value@1.0.0
113 silly idealTree │ ├─┬ has-value@0.3.1
113 silly idealTree │ │ └── isobject@2.1.0
113 silly idealTree │ ├── has-values@0.1.4
113 silly idealTree │ └── isarray@1.0.0
113 silly idealTree ├── unzip-response@2.0.1
113 silly idealTree ├── upath@1.2.0
113 silly idealTree ├── update-notifier@2.5.0
113 silly idealTree ├── uri-js@4.2.2
113 silly idealTree ├── urix@0.1.0
113 silly idealTree ├── url-parse-lax@1.0.0
113 silly idealTree ├── use@3.1.1
113 silly idealTree ├── util-deprecate@1.0.2
113 silly idealTree ├── utils-merge@1.0.1
113 silly idealTree ├── uuid@3.3.3
113 silly idealTree ├── validator@10.11.0
113 silly idealTree ├── vary@1.1.2
113 silly idealTree ├── verror@1.10.0
113 silly idealTree ├── which-pm-runs@1.0.0
113 silly idealTree ├── which@1.3.1
113 silly idealTree ├── wide-align@1.1.3
113 silly idealTree ├─┬ widest-line@2.0.1
113 silly idealTree │ ├── ansi-regex@3.0.0
113 silly idealTree │ ├── is-fullwidth-code-point@2.0.0
113 silly idealTree │ ├── string-width@2.1.1
113 silly idealTree │ └── strip-ansi@4.0.0
113 silly idealTree ├── wrappy@1.0.2
113 silly idealTree ├── write-file-atomic@2.4.3
113 silly idealTree ├── xdg-basedir@3.0.0
113 silly idealTree ├── xtend@4.0.2
113 silly idealTree └── yallist@4.0.0
114 silly generateActionsToTake Starting
115 silly install generateActionsToTake
116 silly generateActionsToTake Finishing
117 silly diffTrees action count 2
118 silly diffTrees add semver@6.3.0
119 silly diffTrees add sharp@0.23.4
120 silly decomposeActions action count 16
121 silly decomposeActions fetch semver@6.3.0
122 silly decomposeActions extract semver@6.3.0
123 silly decomposeActions test semver@6.3.0
124 silly decomposeActions preinstall semver@6.3.0
125 silly decomposeActions build semver@6.3.0
126 silly decomposeActions install semver@6.3.0
127 silly decomposeActions postinstall semver@6.3.0
128 silly decomposeActions finalize semver@6.3.0
129 silly decomposeActions fetch sharp@0.23.4
130 silly decomposeActions extract sharp@0.23.4
131 silly decomposeActions test sharp@0.23.4
132 silly decomposeActions preinstall sharp@0.23.4
133 silly decomposeActions build sharp@0.23.4
134 silly decomposeActions install sharp@0.23.4
135 silly decomposeActions postinstall sharp@0.23.4
136 silly decomposeActions finalize sharp@0.23.4
137 silly executeActions Starting
138 silly install executeActions
139 silly doSerial global-install 0
140 silly doParallel fetch 2
141 verbose lock using /home/weylin/.npm/_locks/staging-d7abdcf67ea44873.lock for /home/weylin/node-js-course/task-manager/node_modules/.staging
142 silly doParallel extract 2
143 silly extract semver@6.3.0
144 silly extract sharp@0.23.4
145 verbose unbuild node_modules/.staging/sharp-c329485a
146 verbose unbuild node_modules/.staging/semver-5b00860d
147 silly gentlyRm /home/weylin/node-js-course/task-manager/node_modules/.staging/sharp-c329485a is being purged from base /home/weylin/node-js-course/task-manager
148 verbose gentlyRm don't care about contents; nuking /home/weylin/node-js-course/task-manager/node_modules/.staging/sharp-c329485a
149 silly gentlyRm /home/weylin/node-js-course/task-manager/node_modules/.staging/semver-5b00860d is being purged from base /home/weylin/node-js-course/task-manager
150 verbose gentlyRm don't care about contents; nuking /home/weylin/node-js-course/task-manager/node_modules/.staging/semver-5b00860d
151 verbose tar unpack /home/weylin/.npm/sharp/0.23.4/package.tgz
152 verbose tar unpacking to /home/weylin/node-js-course/task-manager/node_modules/.staging/sharp-c329485a
153 silly gentlyRm /home/weylin/node-js-course/task-manager/node_modules/.staging/sharp-c329485a is being purged
154 verbose gentlyRm don't care about contents; nuking /home/weylin/node-js-course/task-manager/node_modules/.staging/sharp-c329485a
155 verbose tar unpack /home/weylin/.npm/semver/6.3.0/package.tgz
156 verbose tar unpacking to /home/weylin/node-js-course/task-manager/node_modules/.staging/semver-5b00860d
157 silly gentlyRm /home/weylin/node-js-course/task-manager/node_modules/.staging/semver-5b00860d is being purged
158 verbose gentlyRm don't care about contents; nuking /home/weylin/node-js-course/task-manager/node_modules/.staging/semver-5b00860d
159 silly gunzTarPerm modes [ '755', '644' ]
160 silly gunzTarPerm modes [ '755', '644' ]
161 silly gunzTarPerm extractEntry LICENSE
162 silly gunzTarPerm extractEntry LICENSE
163 silly gunzTarPerm extractEntry src/common.cc
164 silly gunzTarPerm extractEntry range.bnf
165 silly gunzTarPerm extractEntry bin/semver.js
166 silly gunzTarPerm extractEntry src/metadata.cc
167 silly gunzTarPerm extractEntry semver.js
168 silly gunzTarPerm extractEntry package.json
169 silly gunzTarPerm extractEntry CHANGELOG.md
170 silly gunzTarPerm extractEntry README.md
171 silly gunzTarPerm extractEntry src/operations.cc
172 silly gunzTarPerm extractEntry src/pipeline.cc
173 silly gunzTarPerm extractEntry src/sharp.cc
174 silly gunzTarPerm extractEntry src/stats.cc
175 silly gunzTarPerm extractEntry src/utilities.cc
176 silly gunzTarPerm extractEntry src/libvips/cplusplus/VError.cpp
177 silly gunzTarPerm extractEntry src/libvips/cplusplus/VImage.cpp
178 silly gunzTarPerm extractEntry src/libvips/cplusplus/VInterpolate.cpp
179 silly gunzTarPerm extractEntry src/libvips/cplusplus/vips-operators.cpp
180 silly gunzTarPerm extractEntry binding.gyp
181 silly gunzTarPerm extractEntry src/common.h
182 silly gunzTarPerm extractEntry src/metadata.h
183 silly gunzTarPerm extractEntry src/operations.h
184 silly gunzTarPerm extractEntry src/pipeline.h
185 silly gunzTarPerm extractEntry src/stats.h
186 silly gunzTarPerm extractEntry src/utilities.h
187 silly gunzTarPerm extractEntry lib/agent.js
188 silly gunzTarPerm extractEntry lib/channel.js
189 silly gentlyRm /home/weylin/node-js-course/task-manager/node_modules/.staging/semver-5b00860d/node_modules is being purged
190 verbose gentlyRm don't care about contents; nuking /home/weylin/node-js-course/task-manager/node_modules/.staging/semver-5b00860d/node_modules
191 silly gunzTarPerm extractEntry lib/colour.js
192 silly gunzTarPerm extractEntry lib/composite.js
193 silly gunzTarPerm extractEntry lib/constructor.js
194 silly gunzTarPerm extractEntry install/dll-copy.js
195 silly gunzTarPerm extractEntry lib/index.js
196 silly gunzTarPerm extractEntry lib/input.js
197 silly gunzTarPerm extractEntry lib/is.js
198 silly gunzTarPerm extractEntry install/libvips.js
199 silly gunzTarPerm extractEntry lib/libvips.js
200 silly gunzTarPerm extractEntry lib/operation.js
201 silly gunzTarPerm extractEntry lib/output.js
202 silly gunzTarPerm extractEntry lib/platform.js
203 silly gunzTarPerm extractEntry lib/resize.js
204 silly gunzTarPerm extractEntry lib/utility.js
205 silly gunzTarPerm extractEntry package.json
206 silly gunzTarPerm extractEntry docs/api-channel.md
207 silly gunzTarPerm extractEntry docs/api-colour.md
208 silly gunzTarPerm extractEntry docs/api-composite.md
209 silly gunzTarPerm extractEntry docs/api-constructor.md
210 silly gunzTarPerm extractEntry docs/api-input.md
211 silly gunzTarPerm extractEntry docs/api-operation.md
212 silly gunzTarPerm extractEntry docs/api-output.md
213 silly gunzTarPerm extractEntry docs/api-resize.md
214 silly gunzTarPerm extractEntry docs/api-utility.md
215 silly gunzTarPerm extractEntry docs/changelog.md
216 silly gunzTarPerm extractEntry docs/index.md
217 silly gunzTarPerm extractEntry docs/install.md
218 silly gunzTarPerm extractEntry docs/performance.md
219 silly gunzTarPerm extractEntry README.md
220 silly gunzTarPerm extractEntry docs/image/sharp-logo.svg
221 silly gentlyRm /home/weylin/node-js-course/task-manager/node_modules/.staging/sharp-c329485a/node_modules is being purged
222 verbose gentlyRm don't care about contents; nuking /home/weylin/node-js-course/task-manager/node_modules/.staging/sharp-c329485a/node_modules
223 silly doParallel preinstall 2
224 silly preinstall semver@6.3.0 /home/weylin/node-js-course/task-manager/node_modules/.staging/semver-5b00860d
225 info lifecycle semver@6.3.0~preinstall: semver@6.3.0
226 silly preinstall sharp@0.23.4 /home/weylin/node-js-course/task-manager/node_modules/.staging/sharp-c329485a
227 info lifecycle sharp@0.23.4~preinstall: sharp@0.23.4
228 silly lifecycle semver@6.3.0~preinstall: no script for preinstall, continuing
229 silly lifecycle sharp@0.23.4~preinstall: no script for preinstall, continuing
230 silly doReverseSerial remove 0
231 silly doSerial move 0
232 silly doSerial finalize 2
233 silly finalize /home/weylin/node-js-course/task-manager/node_modules/sharp/node_modules/semver
234 silly finalize /home/weylin/node-js-course/task-manager/node_modules/sharp
235 verbose unlock done using /home/weylin/.npm/_locks/staging-d7abdcf67ea44873.lock for /home/weylin/node-js-course/task-manager/node_modules/.staging
236 silly rollbackFailedOptional Starting
237 silly rollbackFailedOptional Finishing
238 silly runTopLevelLifecycles Starting
239 silly runTopLevelLifecycles Finishing
240 silly install printInstalled
241 warn optional Skipping failed optional dependency /chokidar/fsevents:
242 warn notsup Not compatible with your operating system or architecture: fsevents@1.2.9
243 warn task-manager@1.0.0 No description
244 warn task-manager@1.0.0 No repository field.
245 verbose stack Error: ENOTEMPTY: directory not empty, rename '/home/weylin/node-js-course/task-manager/node_modules/sharp' -> '/home/weylin/node-js-course/task-manager/node_modules/.sharp.DELETE'
245 verbose stack     at moveAway (/usr/share/npm/lib/install/action/finalize.js:38:5)
245 verbose stack     at destStatted (/usr/share/npm/lib/install/action/finalize.js:27:7)
245 verbose stack     at FSReqWrap.oncomplete (fs.js:153:5)
245 verbose stack
245 verbose stack Error: ENOTEMPTY: directory not empty, rename '/home/weylin/node-js-course/task-manager/node_modules/sharp' -> '/home/weylin/node-js-course/task-manager/node_modules/.sharp.DELETE'
246 verbose cwd /home/weylin/node-js-course/task-manager
247 error Linux 5.0.0-37-generic
248 error argv "/usr/bin/node" "/usr/bin/npm" "install"
249 error node v8.10.0
250 error npm  v3.5.2
251 error path /home/weylin/node-js-course/task-manager/node_modules/sharp
252 error code ENOTEMPTY
253 error errno -39
254 error syscall rename
255 error ENOTEMPTY: directory not empty, rename '/home/weylin/node-js-course/task-manager/node_modules/sharp' -> '/home/weylin/node-js-course/task-manager/node_modules/.sharp.DELETE'
256 error If you need help, you may report this error at:
256 error     <https://github.com/npm/npm/issues>
257 verbose exit [ -39, true ]
